Checking whether C++ compiler has '__int64' failed to compile with the following output:
Change Dir: /home/jfra/projects/simtech/numsim/VTK-build/Utilities/KWSys/vtksys/CMakeFiles/CMakeTmp

Run Build Command(s):/usr/bin/make cmTC_a7cd9/fast && /usr/bin/make  -f CMakeFiles/cmTC_a7cd9.dir/build.make CMakeFiles/cmTC_a7cd9.dir/build
make[1]: Entering directory '/home/jfra/projects/simtech/numsim/VTK-build/Utilities/KWSys/vtksys/CMakeFiles/CMakeTmp'
Building CXX object CMakeFiles/cmTC_a7cd9.dir/kwsysPlatformTestsCXX.cxx.o
/usr/bin/c++ -DTEST_KWSYS_CXX_HAS___INT64  -fPIE -std=c++11 -o CMakeFiles/cmTC_a7cd9.dir/kwsysPlatformTestsCXX.cxx.o -c /home/jfra/projects/simtech/numsim/VTK/Utilities/KWSys/vtksys/kwsysPlatformTestsCXX.cxx
/home/jfra/projects/simtech/numsim/VTK/Utilities/KWSys/vtksys/kwsysPlatformTestsCXX.cxx:24:1: error: ‘__int64’ does not name a type
   24 | __int64 f(__int64 n)
      | ^~~~~~~
/home/jfra/projects/simtech/numsim/VTK/Utilities/KWSys/vtksys/kwsysPlatformTestsCXX.cxx: In function ‘int main()’:
/home/jfra/projects/simtech/numsim/VTK/Utilities/KWSys/vtksys/kwsysPlatformTestsCXX.cxx:30:3: error: ‘__int64’ was not declared in this scope
   30 |   __int64 n = 0;
      |   ^~~~~~~
/home/jfra/projects/simtech/numsim/VTK/Utilities/KWSys/vtksys/kwsysPlatformTestsCXX.cxx:31:29: error: ‘n’ was not declared in this scope
   31 |   return static_cast<int>(f(n));
      |                             ^
/home/jfra/projects/simtech/numsim/VTK/Utilities/KWSys/vtksys/kwsysPlatformTestsCXX.cxx:31:27: error: ‘f’ was not declared in this scope
   31 |   return static_cast<int>(f(n));
      |                           ^
make[1]: *** [CMakeFiles/cmTC_a7cd9.dir/build.make:85: CMakeFiles/cmTC_a7cd9.dir/kwsysPlatformTestsCXX.cxx.o] Error 1
make[1]: Leaving directory '/home/jfra/projects/simtech/numsim/VTK-build/Utilities/KWSys/vtksys/CMakeFiles/CMakeTmp'
make: *** [Makefile:140: cmTC_a7cd9/fast] Error 2



Checking whether CXX compiler has environ in stdlib.h failed to compile with the following output:
Change Dir: /home/jfra/projects/simtech/numsim/VTK-build/Utilities/KWSys/vtksys/CMakeFiles/CMakeTmp

Run Build Command(s):/usr/bin/make cmTC_9758f/fast && /usr/bin/make  -f CMakeFiles/cmTC_9758f.dir/build.make CMakeFiles/cmTC_9758f.dir/build
make[1]: Entering directory '/home/jfra/projects/simtech/numsim/VTK-build/Utilities/KWSys/vtksys/CMakeFiles/CMakeTmp'
Building CXX object CMakeFiles/cmTC_9758f.dir/kwsysPlatformTestsCXX.cxx.o
/usr/bin/c++ -DTEST_KWSYS_CXX_HAS_ENVIRON_IN_STDLIB_H  -fPIE -std=c++11 -o CMakeFiles/cmTC_9758f.dir/kwsysPlatformTestsCXX.cxx.o -c /home/jfra/projects/simtech/numsim/VTK/Utilities/KWSys/vtksys/kwsysPlatformTestsCXX.cxx
/home/jfra/projects/simtech/numsim/VTK/Utilities/KWSys/vtksys/kwsysPlatformTestsCXX.cxx: In function ‘int main()’:
/home/jfra/projects/simtech/numsim/VTK/Utilities/KWSys/vtksys/kwsysPlatformTestsCXX.cxx:160:13: error: ‘environ’ was not declared in this scope; did you mean ‘union’?
  160 |   char* e = environ[0];
      |             ^~~~~~~
      |             union
make[1]: *** [CMakeFiles/cmTC_9758f.dir/build.make:85: CMakeFiles/cmTC_9758f.dir/kwsysPlatformTestsCXX.cxx.o] Error 1
make[1]: Leaving directory '/home/jfra/projects/simtech/numsim/VTK-build/Utilities/KWSys/vtksys/CMakeFiles/CMakeTmp'
make: *** [Makefile:140: cmTC_9758f/fast] Error 2



Checking whether CXX compiler struct stat has st_mtimespec member failed to compile with the following output:
Change Dir: /home/jfra/projects/simtech/numsim/VTK-build/Utilities/KWSys/vtksys/CMakeFiles/CMakeTmp

Run Build Command(s):/usr/bin/make cmTC_94bb6/fast && /usr/bin/make  -f CMakeFiles/cmTC_94bb6.dir/build.make CMakeFiles/cmTC_94bb6.dir/build
make[1]: Entering directory '/home/jfra/projects/simtech/numsim/VTK-build/Utilities/KWSys/vtksys/CMakeFiles/CMakeTmp'
Building CXX object CMakeFiles/cmTC_94bb6.dir/kwsysPlatformTestsCXX.cxx.o
/usr/bin/c++ -DTEST_KWSYS_CXX_STAT_HAS_ST_MTIMESPEC  -fPIE -std=c++11 -o CMakeFiles/cmTC_94bb6.dir/kwsysPlatformTestsCXX.cxx.o -c /home/jfra/projects/simtech/numsim/VTK/Utilities/KWSys/vtksys/kwsysPlatformTestsCXX.cxx
/home/jfra/projects/simtech/numsim/VTK/Utilities/KWSys/vtksys/kwsysPlatformTestsCXX.cxx: In function ‘int main()’:
/home/jfra/projects/simtech/numsim/VTK/Utilities/KWSys/vtksys/kwsysPlatformTestsCXX.cxx:57:15: error: ‘struct stat’ has no member named ‘st_mtimespec’
   57 |   (void)stat1.st_mtimespec.tv_sec;
      |               ^~~~~~~~~~~~
/home/jfra/projects/simtech/numsim/VTK/Utilities/KWSys/vtksys/kwsysPlatformTestsCXX.cxx:58:15: error: ‘struct stat’ has no member named ‘st_mtimespec’
   58 |   (void)stat1.st_mtimespec.tv_nsec;
      |               ^~~~~~~~~~~~
make[1]: *** [CMakeFiles/cmTC_94bb6.dir/build.make:85: CMakeFiles/cmTC_94bb6.dir/kwsysPlatformTestsCXX.cxx.o] Error 1
make[1]: Leaving directory '/home/jfra/projects/simtech/numsim/VTK-build/Utilities/KWSys/vtksys/CMakeFiles/CMakeTmp'
make: *** [Makefile:140: cmTC_94bb6/fast] Error 2



Checking whether CXX compiler has _atoi64 failed to compile with the following output:
Change Dir: /home/jfra/projects/simtech/numsim/VTK-build/Utilities/KWSys/vtksys/CMakeFiles/CMakeTmp

Run Build Command(s):/usr/bin/make cmTC_d537c/fast && /usr/bin/make  -f CMakeFiles/cmTC_d537c.dir/build.make CMakeFiles/cmTC_d537c.dir/build
make[1]: Entering directory '/home/jfra/projects/simtech/numsim/VTK-build/Utilities/KWSys/vtksys/CMakeFiles/CMakeTmp'
Building CXX object CMakeFiles/cmTC_d537c.dir/kwsysPlatformTestsCXX.cxx.o
/usr/bin/c++ -DTEST_KWSYS_CXX_HAS__ATOI64  -fPIE -std=c++11 -o CMakeFiles/cmTC_d537c.dir/kwsysPlatformTestsCXX.cxx.o -c /home/jfra/projects/simtech/numsim/VTK/Utilities/KWSys/vtksys/kwsysPlatformTestsCXX.cxx
/home/jfra/projects/simtech/numsim/VTK/Utilities/KWSys/vtksys/kwsysPlatformTestsCXX.cxx: In function ‘int main()’:
/home/jfra/projects/simtech/numsim/VTK/Utilities/KWSys/vtksys/kwsysPlatformTestsCXX.cxx:210:27: error: ‘_atoi64’ was not declared in this scope; did you mean ‘atoi’?
  210 |   return static_cast<int>(_atoi64(str));
      |                           ^~~~~~~
      |                           atoi
make[1]: *** [CMakeFiles/cmTC_d537c.dir/build.make:85: CMakeFiles/cmTC_d537c.dir/kwsysPlatformTestsCXX.cxx.o] Error 1
make[1]: Leaving directory '/home/jfra/projects/simtech/numsim/VTK-build/Utilities/KWSys/vtksys/CMakeFiles/CMakeTmp'
make: *** [Makefile:140: cmTC_d537c/fast] Error 2



Performing C SOURCE FILE Test CMAKE_HAVE_LIBC_PTHREAD failed with the following output:
Change Dir: /home/jfra/projects/simtech/numsim/VTK-build/CMakeFiles/CMakeTmp

Run Build Command(s):/usr/bin/make cmTC_77181/fast && /usr/bin/make  -f CMakeFiles/cmTC_77181.dir/build.make CMakeFiles/cmTC_77181.dir/build
make[1]: Entering directory '/home/jfra/projects/simtech/numsim/VTK-build/CMakeFiles/CMakeTmp'
Building C object CMakeFiles/cmTC_77181.dir/src.c.o
/usr/bin/cc   -DCMAKE_HAVE_LIBC_PTHREAD -fPIE -o CMakeFiles/cmTC_77181.dir/src.c.o -c /home/jfra/projects/simtech/numsim/VTK-build/CMakeFiles/CMakeTmp/src.c
Linking C executable cmTC_77181
/home/jfra/.local/lib/python3.8/site-packages/cmake/data/bin/cmake -E cmake_link_script CMakeFiles/cmTC_77181.dir/link.txt --verbose=1
/usr/bin/cc   -DCMAKE_HAVE_LIBC_PTHREAD  -Wl,-lc  -Wl,-lc    CMakeFiles/cmTC_77181.dir/src.c.o -o cmTC_77181 
/usr/bin/ld: CMakeFiles/cmTC_77181.dir/src.c.o: in function `main':
src.c:(.text+0x46): undefined reference to `pthread_create'
/usr/bin/ld: src.c:(.text+0x52): undefined reference to `pthread_detach'
/usr/bin/ld: src.c:(.text+0x5e): undefined reference to `pthread_cancel'
/usr/bin/ld: src.c:(.text+0x6f): undefined reference to `pthread_join'
collect2: error: ld returned 1 exit status
make[1]: *** [CMakeFiles/cmTC_77181.dir/build.make:106: cmTC_77181] Error 1
make[1]: Leaving directory '/home/jfra/projects/simtech/numsim/VTK-build/CMakeFiles/CMakeTmp'
make: *** [Makefile:140: cmTC_77181/fast] Error 2


Source file was:
#include <pthread.h>

void* test_func(void* data)
{
  return data;
}

int main(void)
{
  pthread_t thread;
  pthread_create(&thread, NULL, test_func, NULL);
  pthread_detach(thread);
  pthread_cancel(thread);
  pthread_join(thread, NULL);
  pthread_atfork(NULL, NULL, NULL);
  pthread_exit(NULL);

  return 0;
}

Determining if the function pthread_create exists in the pthreads failed with the following output:
Change Dir: /home/jfra/projects/simtech/numsim/VTK-build/CMakeFiles/CMakeTmp

Run Build Command(s):/usr/bin/make cmTC_b0021/fast && /usr/bin/make  -f CMakeFiles/cmTC_b0021.dir/build.make CMakeFiles/cmTC_b0021.dir/build
make[1]: Entering directory '/home/jfra/projects/simtech/numsim/VTK-build/CMakeFiles/CMakeTmp'
Building C object CMakeFiles/cmTC_b0021.dir/CheckFunctionExists.c.o
/usr/bin/cc   -DCHECK_FUNCTION_EXISTS=pthread_create -fPIE -o CMakeFiles/cmTC_b0021.dir/CheckFunctionExists.c.o -c /home/jfra/.local/lib/python3.8/site-packages/cmake/data/share/cmake-3.18/Modules/CheckFunctionExists.c
Linking C executable cmTC_b0021
/home/jfra/.local/lib/python3.8/site-packages/cmake/data/bin/cmake -E cmake_link_script CMakeFiles/cmTC_b0021.dir/link.txt --verbose=1
/usr/bin/cc   -DCHECK_FUNCTION_EXISTS=pthread_create  -Wl,-lc  -Wl,-lc    CMakeFiles/cmTC_b0021.dir/CheckFunctionExists.c.o -o cmTC_b0021  -lpthreads 
/usr/bin/ld: cannot find -lpthreads
collect2: error: ld returned 1 exit status
make[1]: *** [CMakeFiles/cmTC_b0021.dir/build.make:106: cmTC_b0021] Error 1
make[1]: Leaving directory '/home/jfra/projects/simtech/numsim/VTK-build/CMakeFiles/CMakeTmp'
make: *** [Makefile:140: cmTC_b0021/fast] Error 2



Determining if the function getsockname exists in the socket failed with the following output:
Change Dir: /home/jfra/projects/simtech/numsim/VTK-build/CMakeFiles/CMakeTmp

Run Build Command(s):/usr/bin/make cmTC_84807/fast && /usr/bin/make  -f CMakeFiles/cmTC_84807.dir/build.make CMakeFiles/cmTC_84807.dir/build
make[1]: Entering directory '/home/jfra/projects/simtech/numsim/VTK-build/CMakeFiles/CMakeTmp'
Building C object CMakeFiles/cmTC_84807.dir/CheckFunctionExists.c.o
/usr/bin/cc   -DCHECK_FUNCTION_EXISTS=getsockname -fPIE -o CMakeFiles/cmTC_84807.dir/CheckFunctionExists.c.o -c /home/jfra/.local/lib/python3.8/site-packages/cmake/data/share/cmake-3.18/Modules/CheckFunctionExists.c
Linking C executable cmTC_84807
/home/jfra/.local/lib/python3.8/site-packages/cmake/data/bin/cmake -E cmake_link_script CMakeFiles/cmTC_84807.dir/link.txt --verbose=1
/usr/bin/cc   -DCHECK_FUNCTION_EXISTS=getsockname  -Wl,-lc  -Wl,-lc    CMakeFiles/cmTC_84807.dir/CheckFunctionExists.c.o -o cmTC_84807  -lsocket 
/usr/bin/ld: cannot find -lsocket
collect2: error: ld returned 1 exit status
make[1]: *** [CMakeFiles/cmTC_84807.dir/build.make:106: cmTC_84807] Error 1
make[1]: Leaving directory '/home/jfra/projects/simtech/numsim/VTK-build/CMakeFiles/CMakeTmp'
make: *** [Makefile:140: cmTC_84807/fast] Error 2



Performing C++ SOURCE FILE Test COMPILER_SUPPORT_Wshorten64to32 failed with the following output:
Change Dir: /home/jfra/projects/simtech/numsim/VTK-build/CMakeFiles/CMakeTmp

Run Build Command(s):/usr/bin/make cmTC_0b984/fast && /usr/bin/make  -f CMakeFiles/cmTC_0b984.dir/build.make CMakeFiles/cmTC_0b984.dir/build
make[1]: Entering directory '/home/jfra/projects/simtech/numsim/VTK-build/CMakeFiles/CMakeTmp'
Building CXX object CMakeFiles/cmTC_0b984.dir/src.cxx.o
/usr/bin/c++   -std=c++11 -pedantic -Wall -Wextra -Wundef -Wcast-align -Wchar-subscripts -Wnon-virtual-dtor -Wunused-local-typedefs -Wpointer-arith -Wwrite-strings -Wformat-security -DCOMPILER_SUPPORT_Wshorten64to32 -Werror -fPIE   -Wshorten-64-to-32 -std=c++11 -o CMakeFiles/cmTC_0b984.dir/src.cxx.o -c /home/jfra/projects/simtech/numsim/VTK-build/CMakeFiles/CMakeTmp/src.cxx
c++: error: unrecognized command line option '-Wshorten-64-to-32'
make[1]: *** [CMakeFiles/cmTC_0b984.dir/build.make:85: CMakeFiles/cmTC_0b984.dir/src.cxx.o] Error 1
make[1]: Leaving directory '/home/jfra/projects/simtech/numsim/VTK-build/CMakeFiles/CMakeTmp'
make: *** [Makefile:140: cmTC_0b984/fast] Error 2


Source file was:
int main() { return 0; }
Performing C++ SOURCE FILE Test COMPILER_SUPPORT_Wenumconversion failed with the following output:
Change Dir: /home/jfra/projects/simtech/numsim/VTK-build/CMakeFiles/CMakeTmp

Run Build Command(s):/usr/bin/make cmTC_f268b/fast && /usr/bin/make  -f CMakeFiles/cmTC_f268b.dir/build.make CMakeFiles/cmTC_f268b.dir/build
make[1]: Entering directory '/home/jfra/projects/simtech/numsim/VTK-build/CMakeFiles/CMakeTmp'
Building CXX object CMakeFiles/cmTC_f268b.dir/src.cxx.o
/usr/bin/c++   -std=c++11 -pedantic -Wall -Wextra -Wundef -Wcast-align -Wchar-subscripts -Wnon-virtual-dtor -Wunused-local-typedefs -Wpointer-arith -Wwrite-strings -Wformat-security -Wlogical-op -DCOMPILER_SUPPORT_Wenumconversion -Werror -fPIE   -Wenum-conversion -std=c++11 -o CMakeFiles/cmTC_f268b.dir/src.cxx.o -c /home/jfra/projects/simtech/numsim/VTK-build/CMakeFiles/CMakeTmp/src.cxx
c++: error: unrecognized command line option '-Wenum-conversion'; did you mean '-Wno-conversion'?
make[1]: *** [CMakeFiles/cmTC_f268b.dir/build.make:85: CMakeFiles/cmTC_f268b.dir/src.cxx.o] Error 1
make[1]: Leaving directory '/home/jfra/projects/simtech/numsim/VTK-build/CMakeFiles/CMakeTmp'
make: *** [Makefile:140: cmTC_f268b/fast] Error 2


Source file was:
int main() { return 0; }
Performing C++ SOURCE FILE Test COMPILER_SUPPORT_Wcpp11extensions failed with the following output:
Change Dir: /home/jfra/projects/simtech/numsim/VTK-build/CMakeFiles/CMakeTmp

Run Build Command(s):/usr/bin/make cmTC_16f6d/fast && /usr/bin/make  -f CMakeFiles/cmTC_16f6d.dir/build.make CMakeFiles/cmTC_16f6d.dir/build
make[1]: Entering directory '/home/jfra/projects/simtech/numsim/VTK-build/CMakeFiles/CMakeTmp'
Building CXX object CMakeFiles/cmTC_16f6d.dir/src.cxx.o
/usr/bin/c++   -std=c++11 -pedantic -Wall -Wextra -Wundef -Wcast-align -Wchar-subscripts -Wnon-virtual-dtor -Wunused-local-typedefs -Wpointer-arith -Wwrite-strings -Wformat-security -Wlogical-op -DCOMPILER_SUPPORT_Wcpp11extensions -Werror -fPIE   -Wc++11-extensions -std=c++11 -o CMakeFiles/cmTC_16f6d.dir/src.cxx.o -c /home/jfra/projects/simtech/numsim/VTK-build/CMakeFiles/CMakeTmp/src.cxx
c++: error: unrecognized command line option '-Wc++11-extensions'; did you mean '-fms-extensions'?
make[1]: *** [CMakeFiles/cmTC_16f6d.dir/build.make:85: CMakeFiles/cmTC_16f6d.dir/src.cxx.o] Error 1
make[1]: Leaving directory '/home/jfra/projects/simtech/numsim/VTK-build/CMakeFiles/CMakeTmp'
make: *** [Makefile:140: cmTC_16f6d/fast] Error 2


Source file was:
int main() { return 0; }
Performing C++ SOURCE FILE Test COMPILER_SUPPORT_wd981 failed with the following output:
Change Dir: /home/jfra/projects/simtech/numsim/VTK-build/CMakeFiles/CMakeTmp

Run Build Command(s):/usr/bin/make cmTC_52f23/fast && /usr/bin/make  -f CMakeFiles/cmTC_52f23.dir/build.make CMakeFiles/cmTC_52f23.dir/build
make[1]: Entering directory '/home/jfra/projects/simtech/numsim/VTK-build/CMakeFiles/CMakeTmp'
Building CXX object CMakeFiles/cmTC_52f23.dir/src.cxx.o
/usr/bin/c++   -std=c++11 -pedantic -Wall -Wextra -Wundef -Wcast-align -Wchar-subscripts -Wnon-virtual-dtor -Wunused-local-typedefs -Wpointer-arith -Wwrite-strings -Wformat-security -Wlogical-op -Wdouble-promotion -Wno-psabi -Wno-variadic-macros -Wno-long-long -fno-check-new -fno-common -fstrict-aliasing -DCOMPILER_SUPPORT_wd981 -Werror -fPIE   -wd981 -std=c++11 -o CMakeFiles/cmTC_52f23.dir/src.cxx.o -c /home/jfra/projects/simtech/numsim/VTK-build/CMakeFiles/CMakeTmp/src.cxx
c++: error: unrecognized command line option '-wd981'
make[1]: *** [CMakeFiles/cmTC_52f23.dir/build.make:85: CMakeFiles/cmTC_52f23.dir/src.cxx.o] Error 1
make[1]: Leaving directory '/home/jfra/projects/simtech/numsim/VTK-build/CMakeFiles/CMakeTmp'
make: *** [Makefile:140: cmTC_52f23/fast] Error 2


Source file was:
int main() { return 0; }
Performing C++ SOURCE FILE Test COMPILER_SUPPORT_wd2304 failed with the following output:
Change Dir: /home/jfra/projects/simtech/numsim/VTK-build/CMakeFiles/CMakeTmp

Run Build Command(s):/usr/bin/make cmTC_140b2/fast && /usr/bin/make  -f CMakeFiles/cmTC_140b2.dir/build.make CMakeFiles/cmTC_140b2.dir/build
make[1]: Entering directory '/home/jfra/projects/simtech/numsim/VTK-build/CMakeFiles/CMakeTmp'
Building CXX object CMakeFiles/cmTC_140b2.dir/src.cxx.o
/usr/bin/c++   -std=c++11 -pedantic -Wall -Wextra -Wundef -Wcast-align -Wchar-subscripts -Wnon-virtual-dtor -Wunused-local-typedefs -Wpointer-arith -Wwrite-strings -Wformat-security -Wlogical-op -Wdouble-promotion -Wno-psabi -Wno-variadic-macros -Wno-long-long -fno-check-new -fno-common -fstrict-aliasing -DCOMPILER_SUPPORT_wd2304 -Werror -fPIE   -wd2304 -std=c++11 -o CMakeFiles/cmTC_140b2.dir/src.cxx.o -c /home/jfra/projects/simtech/numsim/VTK-build/CMakeFiles/CMakeTmp/src.cxx
c++: error: unrecognized command line option '-wd2304'
make[1]: *** [CMakeFiles/cmTC_140b2.dir/build.make:85: CMakeFiles/cmTC_140b2.dir/src.cxx.o] Error 1
make[1]: Leaving directory '/home/jfra/projects/simtech/numsim/VTK-build/CMakeFiles/CMakeTmp'
make: *** [Makefile:140: cmTC_140b2/fast] Error 2


Source file was:
int main() { return 0; }
Performing C++ SOURCE FILE Test COMPILER_SUPPORT_STRICTANSI failed with the following output:
Change Dir: /home/jfra/projects/simtech/numsim/VTK-build/CMakeFiles/CMakeTmp

Run Build Command(s):/usr/bin/make cmTC_9ac3f/fast && /usr/bin/make  -f CMakeFiles/cmTC_9ac3f.dir/build.make CMakeFiles/cmTC_9ac3f.dir/build
make[1]: Entering directory '/home/jfra/projects/simtech/numsim/VTK-build/CMakeFiles/CMakeTmp'
Building CXX object CMakeFiles/cmTC_9ac3f.dir/src.cxx.o
/usr/bin/c++   -std=c++11 -pedantic -Wall -Wextra -Wundef -Wcast-align -Wchar-subscripts -Wnon-virtual-dtor -Wunused-local-typedefs -Wpointer-arith -Wwrite-strings -Wformat-security -Wlogical-op -Wdouble-promotion -Wno-psabi -Wno-variadic-macros -Wno-long-long -fno-check-new -fno-common -fstrict-aliasing -DCOMPILER_SUPPORT_STRICTANSI -Werror -fPIE   -strict-ansi -std=c++11 -o CMakeFiles/cmTC_9ac3f.dir/src.cxx.o -c /home/jfra/projects/simtech/numsim/VTK-build/CMakeFiles/CMakeTmp/src.cxx
c++: error: unrecognized command line option '-strict-ansi'; did you mean '-fstrict-enums'?
make[1]: *** [CMakeFiles/cmTC_9ac3f.dir/build.make:85: CMakeFiles/cmTC_9ac3f.dir/src.cxx.o] Error 1
make[1]: Leaving directory '/home/jfra/projects/simtech/numsim/VTK-build/CMakeFiles/CMakeTmp'
make: *** [Makefile:140: cmTC_9ac3f/fast] Error 2


Source file was:
int main() { return 0; }
Performing C++ SOURCE FILE Test COMPILER_SUPPORT_Qunusedarguments failed with the following output:
Change Dir: /home/jfra/projects/simtech/numsim/VTK-build/CMakeFiles/CMakeTmp

Run Build Command(s):/usr/bin/make cmTC_9b854/fast && /usr/bin/make  -f CMakeFiles/cmTC_9b854.dir/build.make CMakeFiles/cmTC_9b854.dir/build
make[1]: Entering directory '/home/jfra/projects/simtech/numsim/VTK-build/CMakeFiles/CMakeTmp'
Building CXX object CMakeFiles/cmTC_9b854.dir/src.cxx.o
/usr/bin/c++   -std=c++11 -pedantic -Wall -Wextra -Wundef -Wcast-align -Wchar-subscripts -Wnon-virtual-dtor -Wunused-local-typedefs -Wpointer-arith -Wwrite-strings -Wformat-security -Wlogical-op -Wdouble-promotion -Wno-psabi -Wno-variadic-macros -Wno-long-long -fno-check-new -fno-common -fstrict-aliasing -DCOMPILER_SUPPORT_Qunusedarguments -Werror -fPIE   -Qunused-arguments -std=c++11 -o CMakeFiles/cmTC_9b854.dir/src.cxx.o -c /home/jfra/projects/simtech/numsim/VTK-build/CMakeFiles/CMakeTmp/src.cxx
c++: error: unrecognized command line option '-Qunused-arguments'
make[1]: *** [CMakeFiles/cmTC_9b854.dir/build.make:85: CMakeFiles/cmTC_9b854.dir/src.cxx.o] Error 1
make[1]: Leaving directory '/home/jfra/projects/simtech/numsim/VTK-build/CMakeFiles/CMakeTmp'
make: *** [Makefile:140: cmTC_9b854/fast] Error 2


Source file was:
int main() { return 0; }
Determining if the include file sys/endian.h exists failed with the following output:
Change Dir: /home/jfra/projects/simtech/numsim/VTK-build/CMakeFiles/CMakeTmp

Run Build Command(s):/usr/bin/make cmTC_224cb/fast && /usr/bin/make  -f CMakeFiles/cmTC_224cb.dir/build.make CMakeFiles/cmTC_224cb.dir/build
make[1]: Entering directory '/home/jfra/projects/simtech/numsim/VTK-build/CMakeFiles/CMakeTmp'
Building C object CMakeFiles/cmTC_224cb.dir/CheckIncludeFile.c.o
/usr/bin/cc   -fPIE -o CMakeFiles/cmTC_224cb.dir/CheckIncludeFile.c.o -c /home/jfra/projects/simtech/numsim/VTK-build/CMakeFiles/CMakeTmp/CheckIncludeFile.c
/home/jfra/projects/simtech/numsim/VTK-build/CMakeFiles/CMakeTmp/CheckIncludeFile.c:1:10: fatal error: sys/endian.h: No such file or directory
    1 | #include <sys/endian.h>
      |          ^~~~~~~~~~~~~~
compilation terminated.
make[1]: *** [CMakeFiles/cmTC_224cb.dir/build.make:85: CMakeFiles/cmTC_224cb.dir/CheckIncludeFile.c.o] Error 1
make[1]: Leaving directory '/home/jfra/projects/simtech/numsim/VTK-build/CMakeFiles/CMakeTmp'
make: *** [Makefile:140: cmTC_224cb/fast] Error 2



Determining if the HAVE_BSWAP_16 exist failed with the following output:
Change Dir: /home/jfra/projects/simtech/numsim/VTK-build/CMakeFiles/CMakeTmp

Run Build Command(s):/usr/bin/make cmTC_fd23d/fast && /usr/bin/make  -f CMakeFiles/cmTC_fd23d.dir/build.make CMakeFiles/cmTC_fd23d.dir/build
make[1]: Entering directory '/home/jfra/projects/simtech/numsim/VTK-build/CMakeFiles/CMakeTmp'
Building C object CMakeFiles/cmTC_fd23d.dir/CheckSymbolExists.c.o
/usr/bin/cc   -fPIE -o CMakeFiles/cmTC_fd23d.dir/CheckSymbolExists.c.o -c /home/jfra/projects/simtech/numsim/VTK-build/CMakeFiles/CMakeTmp/CheckSymbolExists.c
/home/jfra/projects/simtech/numsim/VTK-build/CMakeFiles/CMakeTmp/CheckSymbolExists.c: In function ‘main’:
/home/jfra/projects/simtech/numsim/VTK-build/CMakeFiles/CMakeTmp/CheckSymbolExists.c:8:19: error: ‘HAVE_BSWAP_16’ undeclared (first use in this function)
    8 |   return ((int*)(&HAVE_BSWAP_16))[argc];
      |                   ^~~~~~~~~~~~~
/home/jfra/projects/simtech/numsim/VTK-build/CMakeFiles/CMakeTmp/CheckSymbolExists.c:8:19: note: each undeclared identifier is reported only once for each function it appears in
make[1]: *** [CMakeFiles/cmTC_fd23d.dir/build.make:85: CMakeFiles/cmTC_fd23d.dir/CheckSymbolExists.c.o] Error 1
make[1]: Leaving directory '/home/jfra/projects/simtech/numsim/VTK-build/CMakeFiles/CMakeTmp'
make: *** [Makefile:140: cmTC_fd23d/fast] Error 2


File /home/jfra/projects/simtech/numsim/VTK-build/CMakeFiles/CMakeTmp/CheckSymbolExists.c:
/* */
#include <byteswap.h>

int main(int argc, char** argv)
{
  (void)argv;
#ifndef HAVE_BSWAP_16
  return ((int*)(&HAVE_BSWAP_16))[argc];
#else
  (void)argc;
  return 0;
#endif
}
Determining if the HAVE_BSWAP_32 exist failed with the following output:
Change Dir: /home/jfra/projects/simtech/numsim/VTK-build/CMakeFiles/CMakeTmp

Run Build Command(s):/usr/bin/make cmTC_d1741/fast && /usr/bin/make  -f CMakeFiles/cmTC_d1741.dir/build.make CMakeFiles/cmTC_d1741.dir/build
make[1]: Entering directory '/home/jfra/projects/simtech/numsim/VTK-build/CMakeFiles/CMakeTmp'
Building C object CMakeFiles/cmTC_d1741.dir/CheckSymbolExists.c.o
/usr/bin/cc   -fPIE -o CMakeFiles/cmTC_d1741.dir/CheckSymbolExists.c.o -c /home/jfra/projects/simtech/numsim/VTK-build/CMakeFiles/CMakeTmp/CheckSymbolExists.c
/home/jfra/projects/simtech/numsim/VTK-build/CMakeFiles/CMakeTmp/CheckSymbolExists.c: In function ‘main’:
/home/jfra/projects/simtech/numsim/VTK-build/CMakeFiles/CMakeTmp/CheckSymbolExists.c:8:19: error: ‘HAVE_BSWAP_32’ undeclared (first use in this function)
    8 |   return ((int*)(&HAVE_BSWAP_32))[argc];
      |                   ^~~~~~~~~~~~~
/home/jfra/projects/simtech/numsim/VTK-build/CMakeFiles/CMakeTmp/CheckSymbolExists.c:8:19: note: each undeclared identifier is reported only once for each function it appears in
make[1]: *** [CMakeFiles/cmTC_d1741.dir/build.make:85: CMakeFiles/cmTC_d1741.dir/CheckSymbolExists.c.o] Error 1
make[1]: Leaving directory '/home/jfra/projects/simtech/numsim/VTK-build/CMakeFiles/CMakeTmp'
make: *** [Makefile:140: cmTC_d1741/fast] Error 2


File /home/jfra/projects/simtech/numsim/VTK-build/CMakeFiles/CMakeTmp/CheckSymbolExists.c:
/* */
#include <byteswap.h>

int main(int argc, char** argv)
{
  (void)argv;
#ifndef HAVE_BSWAP_32
  return ((int*)(&HAVE_BSWAP_32))[argc];
#else
  (void)argc;
  return 0;
#endif
}
Determining if the HAVE_BSWAP_64 exist failed with the following output:
Change Dir: /home/jfra/projects/simtech/numsim/VTK-build/CMakeFiles/CMakeTmp

Run Build Command(s):/usr/bin/make cmTC_3716e/fast && /usr/bin/make  -f CMakeFiles/cmTC_3716e.dir/build.make CMakeFiles/cmTC_3716e.dir/build
make[1]: Entering directory '/home/jfra/projects/simtech/numsim/VTK-build/CMakeFiles/CMakeTmp'
Building C object CMakeFiles/cmTC_3716e.dir/CheckSymbolExists.c.o
/usr/bin/cc   -fPIE -o CMakeFiles/cmTC_3716e.dir/CheckSymbolExists.c.o -c /home/jfra/projects/simtech/numsim/VTK-build/CMakeFiles/CMakeTmp/CheckSymbolExists.c
/home/jfra/projects/simtech/numsim/VTK-build/CMakeFiles/CMakeTmp/CheckSymbolExists.c: In function ‘main’:
/home/jfra/projects/simtech/numsim/VTK-build/CMakeFiles/CMakeTmp/CheckSymbolExists.c:8:19: error: ‘HAVE_BSWAP_64’ undeclared (first use in this function)
    8 |   return ((int*)(&HAVE_BSWAP_64))[argc];
      |                   ^~~~~~~~~~~~~
/home/jfra/projects/simtech/numsim/VTK-build/CMakeFiles/CMakeTmp/CheckSymbolExists.c:8:19: note: each undeclared identifier is reported only once for each function it appears in
make[1]: *** [CMakeFiles/cmTC_3716e.dir/build.make:85: CMakeFiles/cmTC_3716e.dir/CheckSymbolExists.c.o] Error 1
make[1]: Leaving directory '/home/jfra/projects/simtech/numsim/VTK-build/CMakeFiles/CMakeTmp'
make: *** [Makefile:140: cmTC_3716e/fast] Error 2


File /home/jfra/projects/simtech/numsim/VTK-build/CMakeFiles/CMakeTmp/CheckSymbolExists.c:
/* */
#include <byteswap.h>

int main(int argc, char** argv)
{
  (void)argv;
#ifndef HAVE_BSWAP_64
  return ((int*)(&HAVE_BSWAP_64))[argc];
#else
  (void)argc;
  return 0;
#endif
}
Determining size of __int64 failed with the following output:
Change Dir: /home/jfra/projects/simtech/numsim/VTK-build/CMakeFiles/CMakeTmp

Run Build Command(s):/usr/bin/make cmTC_bc4c0/fast && /usr/bin/make  -f CMakeFiles/cmTC_bc4c0.dir/build.make CMakeFiles/cmTC_bc4c0.dir/build
make[1]: Entering directory '/home/jfra/projects/simtech/numsim/VTK-build/CMakeFiles/CMakeTmp'
Building C object CMakeFiles/cmTC_bc4c0.dir/__INT64.c.o
/usr/bin/cc   -fPIE -o CMakeFiles/cmTC_bc4c0.dir/__INT64.c.o -c /home/jfra/projects/simtech/numsim/VTK-build/CMakeFiles/CheckTypeSize/__INT64.c
/home/jfra/projects/simtech/numsim/VTK-build/CMakeFiles/CheckTypeSize/__INT64.c:27:22: error: ‘__int64’ undeclared here (not in a function); did you mean ‘__int64_t’?
   27 | #define SIZE (sizeof(__int64))
      |                      ^~~~~~~
/home/jfra/projects/simtech/numsim/VTK-build/CMakeFiles/CheckTypeSize/__INT64.c:29:12: note: in expansion of macro ‘SIZE’
   29 |   ('0' + ((SIZE / 10000)%10)),
      |            ^~~~
make[1]: *** [CMakeFiles/cmTC_bc4c0.dir/build.make:85: CMakeFiles/cmTC_bc4c0.dir/__INT64.c.o] Error 1
make[1]: Leaving directory '/home/jfra/projects/simtech/numsim/VTK-build/CMakeFiles/CMakeTmp'
make: *** [Makefile:140: cmTC_bc4c0/fast] Error 2


/home/jfra/projects/simtech/numsim/VTK-build/CMakeFiles/CheckTypeSize/__INT64.c:
#include <sys/types.h>
#include <stdint.h>
#include <stddef.h>


#undef KEY
#if defined(__i386)
# define KEY '_','_','i','3','8','6'
#elif defined(__x86_64)
# define KEY '_','_','x','8','6','_','6','4'
#elif defined(__PPC64__)
# define KEY '_','_','P','P','C','6','4','_','_'
#elif defined(__ppc64__)
# define KEY '_','_','p','p','c','6','4','_','_'
#elif defined(__PPC__)
# define KEY '_','_','P','P','C','_','_'
#elif defined(__ppc__)
# define KEY '_','_','p','p','c','_','_'
#elif defined(__aarch64__)
# define KEY '_','_','a','a','r','c','h','6','4','_','_'
#elif defined(__ARM_ARCH_7A__)
# define KEY '_','_','A','R','M','_','A','R','C','H','_','7','A','_','_'
#elif defined(__ARM_ARCH_7S__)
# define KEY '_','_','A','R','M','_','A','R','C','H','_','7','S','_','_'
#endif

#define SIZE (sizeof(__int64))
static char info_size[] =  {'I', 'N', 'F', 'O', ':', 's','i','z','e','[',
  ('0' + ((SIZE / 10000)%10)),
  ('0' + ((SIZE / 1000)%10)),
  ('0' + ((SIZE / 100)%10)),
  ('0' + ((SIZE / 10)%10)),
  ('0' +  (SIZE    % 10)),
  ']',
#ifdef KEY
  ' ','k','e','y','[', KEY, ']',
#endif
  '\0'};

#ifdef __CLASSIC_C__
int main(argc, argv) int argc; char *argv[];
#else
int main(int argc, char *argv[])
#endif
{
  int require = 0;
  require += info_size[argc];
  (void)argv;
  return require;
}


Determining size of unsigned __int64 failed with the following output:
Change Dir: /home/jfra/projects/simtech/numsim/VTK-build/CMakeFiles/CMakeTmp

Run Build Command(s):/usr/bin/make cmTC_353fc/fast && /usr/bin/make  -f CMakeFiles/cmTC_353fc.dir/build.make CMakeFiles/cmTC_353fc.dir/build
make[1]: Entering directory '/home/jfra/projects/simtech/numsim/VTK-build/CMakeFiles/CMakeTmp'
Building C object CMakeFiles/cmTC_353fc.dir/UNSIGNED___INT64.c.o
/usr/bin/cc   -fPIE -o CMakeFiles/cmTC_353fc.dir/UNSIGNED___INT64.c.o -c /home/jfra/projects/simtech/numsim/VTK-build/CMakeFiles/CheckTypeSize/UNSIGNED___INT64.c
/home/jfra/projects/simtech/numsim/VTK-build/CMakeFiles/CheckTypeSize/UNSIGNED___INT64.c:27:31: error: expected ‘)’ before ‘__int64’
   27 | #define SIZE (sizeof(unsigned __int64))
      |                     ~         ^~~~~~~
/home/jfra/projects/simtech/numsim/VTK-build/CMakeFiles/CheckTypeSize/UNSIGNED___INT64.c:29:12: note: in expansion of macro ‘SIZE’
   29 |   ('0' + ((SIZE / 10000)%10)),
      |            ^~~~
/home/jfra/projects/simtech/numsim/VTK-build/CMakeFiles/CheckTypeSize/UNSIGNED___INT64.c:27:31: error: expected ‘)’ before ‘__int64’
   27 | #define SIZE (sizeof(unsigned __int64))
      |                     ~         ^~~~~~~
/home/jfra/projects/simtech/numsim/VTK-build/CMakeFiles/CheckTypeSize/UNSIGNED___INT64.c:30:12: note: in expansion of macro ‘SIZE’
   30 |   ('0' + ((SIZE / 1000)%10)),
      |            ^~~~
/home/jfra/projects/simtech/numsim/VTK-build/CMakeFiles/CheckTypeSize/UNSIGNED___INT64.c:27:31: error: expected ‘)’ before ‘__int64’
   27 | #define SIZE (sizeof(unsigned __int64))
      |                     ~         ^~~~~~~
/home/jfra/projects/simtech/numsim/VTK-build/CMakeFiles/CheckTypeSize/UNSIGNED___INT64.c:31:12: note: in expansion of macro ‘SIZE’
   31 |   ('0' + ((SIZE / 100)%10)),
      |            ^~~~
/home/jfra/projects/simtech/numsim/VTK-build/CMakeFiles/CheckTypeSize/UNSIGNED___INT64.c:27:31: error: expected ‘)’ before ‘__int64’
   27 | #define SIZE (sizeof(unsigned __int64))
      |                     ~         ^~~~~~~
/home/jfra/projects/simtech/numsim/VTK-build/CMakeFiles/CheckTypeSize/UNSIGNED___INT64.c:32:12: note: in expansion of macro ‘SIZE’
   32 |   ('0' + ((SIZE / 10)%10)),
      |            ^~~~
/home/jfra/projects/simtech/numsim/VTK-build/CMakeFiles/CheckTypeSize/UNSIGNED___INT64.c:27:31: error: expected ‘)’ before ‘__int64’
   27 | #define SIZE (sizeof(unsigned __int64))
      |                     ~         ^~~~~~~
/home/jfra/projects/simtech/numsim/VTK-build/CMakeFiles/CheckTypeSize/UNSIGNED___INT64.c:33:12: note: in expansion of macro ‘SIZE’
   33 |   ('0' +  (SIZE    % 10)),
      |            ^~~~
make[1]: *** [CMakeFiles/cmTC_353fc.dir/build.make:85: CMakeFiles/cmTC_353fc.dir/UNSIGNED___INT64.c.o] Error 1
make[1]: Leaving directory '/home/jfra/projects/simtech/numsim/VTK-build/CMakeFiles/CMakeTmp'
make: *** [Makefile:140: cmTC_353fc/fast] Error 2


/home/jfra/projects/simtech/numsim/VTK-build/CMakeFiles/CheckTypeSize/UNSIGNED___INT64.c:
#include <sys/types.h>
#include <stdint.h>
#include <stddef.h>


#undef KEY
#if defined(__i386)
# define KEY '_','_','i','3','8','6'
#elif defined(__x86_64)
# define KEY '_','_','x','8','6','_','6','4'
#elif defined(__PPC64__)
# define KEY '_','_','P','P','C','6','4','_','_'
#elif defined(__ppc64__)
# define KEY '_','_','p','p','c','6','4','_','_'
#elif defined(__PPC__)
# define KEY '_','_','P','P','C','_','_'
#elif defined(__ppc__)
# define KEY '_','_','p','p','c','_','_'
#elif defined(__aarch64__)
# define KEY '_','_','a','a','r','c','h','6','4','_','_'
#elif defined(__ARM_ARCH_7A__)
# define KEY '_','_','A','R','M','_','A','R','C','H','_','7','A','_','_'
#elif defined(__ARM_ARCH_7S__)
# define KEY '_','_','A','R','M','_','A','R','C','H','_','7','S','_','_'
#endif

#define SIZE (sizeof(unsigned __int64))
static char info_size[] =  {'I', 'N', 'F', 'O', ':', 's','i','z','e','[',
  ('0' + ((SIZE / 10000)%10)),
  ('0' + ((SIZE / 1000)%10)),
  ('0' + ((SIZE / 100)%10)),
  ('0' + ((SIZE / 10)%10)),
  ('0' +  (SIZE    % 10)),
  ']',
#ifdef KEY
  ' ','k','e','y','[', KEY, ']',
#endif
  '\0'};

#ifdef __CLASSIC_C__
int main(argc, argv) int argc; char *argv[];
#else
int main(int argc, char *argv[])
#endif
{
  int require = 0;
  require += info_size[argc];
  (void)argv;
  return require;
}


Determining if the arc4random_buf exist failed with the following output:
Change Dir: /home/jfra/projects/simtech/numsim/VTK-build/CMakeFiles/CMakeTmp

Run Build Command(s):/usr/bin/make cmTC_cc086/fast && /usr/bin/make  -f CMakeFiles/cmTC_cc086.dir/build.make CMakeFiles/cmTC_cc086.dir/build
make[1]: Entering directory '/home/jfra/projects/simtech/numsim/VTK-build/CMakeFiles/CMakeTmp'
Building C object CMakeFiles/cmTC_cc086.dir/CheckSymbolExists.c.o
/usr/bin/cc   -fPIE -o CMakeFiles/cmTC_cc086.dir/CheckSymbolExists.c.o -c /home/jfra/projects/simtech/numsim/VTK-build/CMakeFiles/CMakeTmp/CheckSymbolExists.c
/home/jfra/projects/simtech/numsim/VTK-build/CMakeFiles/CMakeTmp/CheckSymbolExists.c: In function ‘main’:
/home/jfra/projects/simtech/numsim/VTK-build/CMakeFiles/CMakeTmp/CheckSymbolExists.c:8:19: error: ‘arc4random_buf’ undeclared (first use in this function)
    8 |   return ((int*)(&arc4random_buf))[argc];
      |                   ^~~~~~~~~~~~~~
/home/jfra/projects/simtech/numsim/VTK-build/CMakeFiles/CMakeTmp/CheckSymbolExists.c:8:19: note: each undeclared identifier is reported only once for each function it appears in
make[1]: *** [CMakeFiles/cmTC_cc086.dir/build.make:85: CMakeFiles/cmTC_cc086.dir/CheckSymbolExists.c.o] Error 1
make[1]: Leaving directory '/home/jfra/projects/simtech/numsim/VTK-build/CMakeFiles/CMakeTmp'
make: *** [Makefile:140: cmTC_cc086/fast] Error 2


File /home/jfra/projects/simtech/numsim/VTK-build/CMakeFiles/CMakeTmp/CheckSymbolExists.c:
/* */
#include <stdlib.h>

int main(int argc, char** argv)
{
  (void)argv;
#ifndef arc4random_buf
  return ((int*)(&arc4random_buf))[argc];
#else
  (void)argc;
  return 0;
#endif
}
Determining if the arc4random exist failed with the following output:
Change Dir: /home/jfra/projects/simtech/numsim/VTK-build/CMakeFiles/CMakeTmp

Run Build Command(s):/usr/bin/make cmTC_a4e1c/fast && /usr/bin/make  -f CMakeFiles/cmTC_a4e1c.dir/build.make CMakeFiles/cmTC_a4e1c.dir/build
make[1]: Entering directory '/home/jfra/projects/simtech/numsim/VTK-build/CMakeFiles/CMakeTmp'
Building C object CMakeFiles/cmTC_a4e1c.dir/CheckSymbolExists.c.o
/usr/bin/cc   -fPIE -o CMakeFiles/cmTC_a4e1c.dir/CheckSymbolExists.c.o -c /home/jfra/projects/simtech/numsim/VTK-build/CMakeFiles/CMakeTmp/CheckSymbolExists.c
/home/jfra/projects/simtech/numsim/VTK-build/CMakeFiles/CMakeTmp/CheckSymbolExists.c: In function ‘main’:
/home/jfra/projects/simtech/numsim/VTK-build/CMakeFiles/CMakeTmp/CheckSymbolExists.c:8:19: error: ‘arc4random’ undeclared (first use in this function); did you mean ‘srandom’?
    8 |   return ((int*)(&arc4random))[argc];
      |                   ^~~~~~~~~~
      |                   srandom
/home/jfra/projects/simtech/numsim/VTK-build/CMakeFiles/CMakeTmp/CheckSymbolExists.c:8:19: note: each undeclared identifier is reported only once for each function it appears in
make[1]: *** [CMakeFiles/cmTC_a4e1c.dir/build.make:85: CMakeFiles/cmTC_a4e1c.dir/CheckSymbolExists.c.o] Error 1
make[1]: Leaving directory '/home/jfra/projects/simtech/numsim/VTK-build/CMakeFiles/CMakeTmp'
make: *** [Makefile:140: cmTC_a4e1c/fast] Error 2


File /home/jfra/projects/simtech/numsim/VTK-build/CMakeFiles/CMakeTmp/CheckSymbolExists.c:
/* */
#include <stdlib.h>

int main(int argc, char** argv)
{
  (void)argv;
#ifndef arc4random
  return ((int*)(&arc4random))[argc];
#else
  (void)argc;
  return 0;
#endif
}
Determining if the off_t exist failed with the following output:
Change Dir: /home/jfra/projects/simtech/numsim/VTK-build/CMakeFiles/CMakeTmp

Run Build Command(s):/usr/bin/make cmTC_fa330/fast && /usr/bin/make  -f CMakeFiles/cmTC_fa330.dir/build.make CMakeFiles/cmTC_fa330.dir/build
make[1]: Entering directory '/home/jfra/projects/simtech/numsim/VTK-build/CMakeFiles/CMakeTmp'
Building C object CMakeFiles/cmTC_fa330.dir/CheckSymbolExists.c.o
/usr/bin/cc   -fPIE -o CMakeFiles/cmTC_fa330.dir/CheckSymbolExists.c.o -c /home/jfra/projects/simtech/numsim/VTK-build/CMakeFiles/CMakeTmp/CheckSymbolExists.c
/home/jfra/projects/simtech/numsim/VTK-build/CMakeFiles/CMakeTmp/CheckSymbolExists.c: In function ‘main’:
/home/jfra/projects/simtech/numsim/VTK-build/CMakeFiles/CMakeTmp/CheckSymbolExists.c:8:19: error: expected expression before ‘off_t’
    8 |   return ((int*)(&off_t))[argc];
      |                   ^~~~~
make[1]: *** [CMakeFiles/cmTC_fa330.dir/build.make:85: CMakeFiles/cmTC_fa330.dir/CheckSymbolExists.c.o] Error 1
make[1]: Leaving directory '/home/jfra/projects/simtech/numsim/VTK-build/CMakeFiles/CMakeTmp'
make: *** [Makefile:140: cmTC_fa330/fast] Error 2


File /home/jfra/projects/simtech/numsim/VTK-build/CMakeFiles/CMakeTmp/CheckSymbolExists.c:
/* */
#include <sys/types.h>

int main(int argc, char** argv)
{
  (void)argv;
#ifndef off_t
  return ((int*)(&off_t))[argc];
#else
  (void)argc;
  return 0;
#endif
}
Determining if the size_t exist failed with the following output:
Change Dir: /home/jfra/projects/simtech/numsim/VTK-build/CMakeFiles/CMakeTmp

Run Build Command(s):/usr/bin/make cmTC_006b4/fast && /usr/bin/make  -f CMakeFiles/cmTC_006b4.dir/build.make CMakeFiles/cmTC_006b4.dir/build
make[1]: Entering directory '/home/jfra/projects/simtech/numsim/VTK-build/CMakeFiles/CMakeTmp'
Building C object CMakeFiles/cmTC_006b4.dir/CheckSymbolExists.c.o
/usr/bin/cc   -fPIE -o CMakeFiles/cmTC_006b4.dir/CheckSymbolExists.c.o -c /home/jfra/projects/simtech/numsim/VTK-build/CMakeFiles/CMakeTmp/CheckSymbolExists.c
/home/jfra/projects/simtech/numsim/VTK-build/CMakeFiles/CMakeTmp/CheckSymbolExists.c: In function ‘main’:
/home/jfra/projects/simtech/numsim/VTK-build/CMakeFiles/CMakeTmp/CheckSymbolExists.c:8:19: error: expected expression before ‘size_t’
    8 |   return ((int*)(&size_t))[argc];
      |                   ^~~~~~
make[1]: *** [CMakeFiles/cmTC_006b4.dir/build.make:85: CMakeFiles/cmTC_006b4.dir/CheckSymbolExists.c.o] Error 1
make[1]: Leaving directory '/home/jfra/projects/simtech/numsim/VTK-build/CMakeFiles/CMakeTmp'
make: *** [Makefile:140: cmTC_006b4/fast] Error 2


File /home/jfra/projects/simtech/numsim/VTK-build/CMakeFiles/CMakeTmp/CheckSymbolExists.c:
/* */
#include <sys/types.h>

int main(int argc, char** argv)
{
  (void)argv;
#ifndef size_t
  return ((int*)(&size_t))[argc];
#else
  (void)argc;
  return 0;
#endif
}
Determining if the include file io.h exists failed with the following output:
Change Dir: /home/jfra/projects/simtech/numsim/VTK-build/CMakeFiles/CMakeTmp

Run Build Command(s):/usr/bin/make cmTC_1e47e/fast && /usr/bin/make  -f CMakeFiles/cmTC_1e47e.dir/build.make CMakeFiles/cmTC_1e47e.dir/build
make[1]: Entering directory '/home/jfra/projects/simtech/numsim/VTK-build/CMakeFiles/CMakeTmp'
Building C object CMakeFiles/cmTC_1e47e.dir/CheckIncludeFile.c.o
/usr/bin/cc   -Wall -Winline -W -Wformat-security -Wpointer-arith -Wdisabled-optimization -Wno-unknown-pragmas -Wdeclaration-after-statement -fstrict-aliasing  -fPIE -o CMakeFiles/cmTC_1e47e.dir/CheckIncludeFile.c.o -c /home/jfra/projects/simtech/numsim/VTK-build/CMakeFiles/CMakeTmp/CheckIncludeFile.c
/home/jfra/projects/simtech/numsim/VTK-build/CMakeFiles/CMakeTmp/CheckIncludeFile.c:1:10: fatal error: io.h: No such file or directory
    1 | #include <io.h>
      |          ^~~~~~
compilation terminated.
make[1]: *** [CMakeFiles/cmTC_1e47e.dir/build.make:85: CMakeFiles/cmTC_1e47e.dir/CheckIncludeFile.c.o] Error 1
make[1]: Leaving directory '/home/jfra/projects/simtech/numsim/VTK-build/CMakeFiles/CMakeTmp'
make: *** [Makefile:140: cmTC_1e47e/fast] Error 2



Determining if files sys/file.h;sys/ioctl.h;sys/resource.h;sys/stat.h;sys/time.h;sys/types.h;features.h;dirent.h;setjmp.h;stddef.h;stdint.h;unistd.h;mach/mach_time.h exist failed with the following output:
Change Dir: /home/jfra/projects/simtech/numsim/VTK-build/CMakeFiles/CMakeTmp

Run Build Command(s):/usr/bin/make cmTC_c0ed1/fast && /usr/bin/make  -f CMakeFiles/cmTC_c0ed1.dir/build.make CMakeFiles/cmTC_c0ed1.dir/build
make[1]: Entering directory '/home/jfra/projects/simtech/numsim/VTK-build/CMakeFiles/CMakeTmp'
Building C object CMakeFiles/cmTC_c0ed1.dir/H5_HAVE_MACH_MACH_TIME_H.c.o
/usr/bin/cc   -fPIE -o CMakeFiles/cmTC_c0ed1.dir/H5_HAVE_MACH_MACH_TIME_H.c.o -c /home/jfra/projects/simtech/numsim/VTK-build/CMakeFiles/CheckIncludeFiles/H5_HAVE_MACH_MACH_TIME_H.c
/home/jfra/projects/simtech/numsim/VTK-build/CMakeFiles/CheckIncludeFiles/H5_HAVE_MACH_MACH_TIME_H.c:14:10: fatal error: mach/mach_time.h: No such file or directory
   14 | #include <mach/mach_time.h>
      |          ^~~~~~~~~~~~~~~~~~
compilation terminated.
make[1]: *** [CMakeFiles/cmTC_c0ed1.dir/build.make:85: CMakeFiles/cmTC_c0ed1.dir/H5_HAVE_MACH_MACH_TIME_H.c.o] Error 1
make[1]: Leaving directory '/home/jfra/projects/simtech/numsim/VTK-build/CMakeFiles/CMakeTmp'
make: *** [Makefile:140: cmTC_c0ed1/fast] Error 2


Source:
/* */
#include <sys/file.h>
#include <sys/ioctl.h>
#include <sys/resource.h>
#include <sys/stat.h>
#include <sys/time.h>
#include <sys/types.h>
#include <features.h>
#include <dirent.h>
#include <setjmp.h>
#include <stddef.h>
#include <stdint.h>
#include <unistd.h>
#include <mach/mach_time.h>


int main(void){return 0;}

Determining if files sys/file.h;sys/ioctl.h;sys/resource.h;sys/stat.h;sys/time.h;sys/types.h;features.h;dirent.h;setjmp.h;stddef.h;stdint.h;unistd.h;io.h exist failed with the following output:
Change Dir: /home/jfra/projects/simtech/numsim/VTK-build/CMakeFiles/CMakeTmp

Run Build Command(s):/usr/bin/make cmTC_97a5b/fast && /usr/bin/make  -f CMakeFiles/cmTC_97a5b.dir/build.make CMakeFiles/cmTC_97a5b.dir/build
make[1]: Entering directory '/home/jfra/projects/simtech/numsim/VTK-build/CMakeFiles/CMakeTmp'
Building C object CMakeFiles/cmTC_97a5b.dir/H5_HAVE_IO_H.c.o
/usr/bin/cc   -fPIE -o CMakeFiles/cmTC_97a5b.dir/H5_HAVE_IO_H.c.o -c /home/jfra/projects/simtech/numsim/VTK-build/CMakeFiles/CheckIncludeFiles/H5_HAVE_IO_H.c
/home/jfra/projects/simtech/numsim/VTK-build/CMakeFiles/CheckIncludeFiles/H5_HAVE_IO_H.c:14:10: fatal error: io.h: No such file or directory
   14 | #include <io.h>
      |          ^~~~~~
compilation terminated.
make[1]: *** [CMakeFiles/cmTC_97a5b.dir/build.make:85: CMakeFiles/cmTC_97a5b.dir/H5_HAVE_IO_H.c.o] Error 1
make[1]: Leaving directory '/home/jfra/projects/simtech/numsim/VTK-build/CMakeFiles/CMakeTmp'
make: *** [Makefile:140: cmTC_97a5b/fast] Error 2


Source:
/* */
#include <sys/file.h>
#include <sys/ioctl.h>
#include <sys/resource.h>
#include <sys/stat.h>
#include <sys/time.h>
#include <sys/types.h>
#include <features.h>
#include <dirent.h>
#include <setjmp.h>
#include <stddef.h>
#include <stdint.h>
#include <unistd.h>
#include <io.h>


int main(void){return 0;}

Determining if files sys/file.h;sys/ioctl.h;sys/resource.h;sys/stat.h;sys/time.h;sys/types.h;features.h;dirent.h;setjmp.h;stddef.h;stdint.h;unistd.h;winsock2.h exist failed with the following output:
Change Dir: /home/jfra/projects/simtech/numsim/VTK-build/CMakeFiles/CMakeTmp

Run Build Command(s):/usr/bin/make cmTC_ac0fd/fast && /usr/bin/make  -f CMakeFiles/cmTC_ac0fd.dir/build.make CMakeFiles/cmTC_ac0fd.dir/build
make[1]: Entering directory '/home/jfra/projects/simtech/numsim/VTK-build/CMakeFiles/CMakeTmp'
Building C object CMakeFiles/cmTC_ac0fd.dir/H5_HAVE_WINSOCK2_H.c.o
/usr/bin/cc   -fPIE -o CMakeFiles/cmTC_ac0fd.dir/H5_HAVE_WINSOCK2_H.c.o -c /home/jfra/projects/simtech/numsim/VTK-build/CMakeFiles/CheckIncludeFiles/H5_HAVE_WINSOCK2_H.c
/home/jfra/projects/simtech/numsim/VTK-build/CMakeFiles/CheckIncludeFiles/H5_HAVE_WINSOCK2_H.c:14:10: fatal error: winsock2.h: No such file or directory
   14 | #include <winsock2.h>
      |          ^~~~~~~~~~~~
compilation terminated.
make[1]: *** [CMakeFiles/cmTC_ac0fd.dir/build.make:85: CMakeFiles/cmTC_ac0fd.dir/H5_HAVE_WINSOCK2_H.c.o] Error 1
make[1]: Leaving directory '/home/jfra/projects/simtech/numsim/VTK-build/CMakeFiles/CMakeTmp'
make: *** [Makefile:140: cmTC_ac0fd/fast] Error 2


Source:
/* */
#include <sys/file.h>
#include <sys/ioctl.h>
#include <sys/resource.h>
#include <sys/stat.h>
#include <sys/time.h>
#include <sys/types.h>
#include <features.h>
#include <dirent.h>
#include <setjmp.h>
#include <stddef.h>
#include <stdint.h>
#include <unistd.h>
#include <winsock2.h>


int main(void){return 0;}

Determining size of __int64 failed with the following output:
Change Dir: /home/jfra/projects/simtech/numsim/VTK-build/CMakeFiles/CMakeTmp

Run Build Command(s):/usr/bin/make cmTC_cd687/fast && /usr/bin/make  -f CMakeFiles/cmTC_cd687.dir/build.make CMakeFiles/cmTC_cd687.dir/build
make[1]: Entering directory '/home/jfra/projects/simtech/numsim/VTK-build/CMakeFiles/CMakeTmp'
Building C object CMakeFiles/cmTC_cd687.dir/H5_SIZEOF___INT64.c.o
/usr/bin/cc -D_FILE_OFFSET_BITS=64 -D_LARGEFILE64_SOURCE -D_LARGEFILE_SOURCE  -fPIE -o CMakeFiles/cmTC_cd687.dir/H5_SIZEOF___INT64.c.o -c /home/jfra/projects/simtech/numsim/VTK-build/CMakeFiles/CheckTypeSize/H5_SIZEOF___INT64.c
/home/jfra/projects/simtech/numsim/VTK-build/CMakeFiles/CheckTypeSize/H5_SIZEOF___INT64.c:27:22: error: ‘__int64’ undeclared here (not in a function); did you mean ‘__int64_t’?
   27 | #define SIZE (sizeof(__int64))
      |                      ^~~~~~~
/home/jfra/projects/simtech/numsim/VTK-build/CMakeFiles/CheckTypeSize/H5_SIZEOF___INT64.c:29:12: note: in expansion of macro ‘SIZE’
   29 |   ('0' + ((SIZE / 10000)%10)),
      |            ^~~~
make[1]: *** [CMakeFiles/cmTC_cd687.dir/build.make:85: CMakeFiles/cmTC_cd687.dir/H5_SIZEOF___INT64.c.o] Error 1
make[1]: Leaving directory '/home/jfra/projects/simtech/numsim/VTK-build/CMakeFiles/CMakeTmp'
make: *** [Makefile:140: cmTC_cd687/fast] Error 2


/home/jfra/projects/simtech/numsim/VTK-build/CMakeFiles/CheckTypeSize/H5_SIZEOF___INT64.c:
#include <sys/types.h>
#include <stdint.h>
#include <stddef.h>


#undef KEY
#if defined(__i386)
# define KEY '_','_','i','3','8','6'
#elif defined(__x86_64)
# define KEY '_','_','x','8','6','_','6','4'
#elif defined(__PPC64__)
# define KEY '_','_','P','P','C','6','4','_','_'
#elif defined(__ppc64__)
# define KEY '_','_','p','p','c','6','4','_','_'
#elif defined(__PPC__)
# define KEY '_','_','P','P','C','_','_'
#elif defined(__ppc__)
# define KEY '_','_','p','p','c','_','_'
#elif defined(__aarch64__)
# define KEY '_','_','a','a','r','c','h','6','4','_','_'
#elif defined(__ARM_ARCH_7A__)
# define KEY '_','_','A','R','M','_','A','R','C','H','_','7','A','_','_'
#elif defined(__ARM_ARCH_7S__)
# define KEY '_','_','A','R','M','_','A','R','C','H','_','7','S','_','_'
#endif

#define SIZE (sizeof(__int64))
static char info_size[] =  {'I', 'N', 'F', 'O', ':', 's','i','z','e','[',
  ('0' + ((SIZE / 10000)%10)),
  ('0' + ((SIZE / 1000)%10)),
  ('0' + ((SIZE / 100)%10)),
  ('0' + ((SIZE / 10)%10)),
  ('0' +  (SIZE    % 10)),
  ']',
#ifdef KEY
  ' ','k','e','y','[', KEY, ']',
#endif
  '\0'};

#ifdef __CLASSIC_C__
int main(argc, argv) int argc; char *argv[];
#else
int main(int argc, char *argv[])
#endif
{
  int require = 0;
  require += info_size[argc];
  (void)argv;
  return require;
}


Performing Other Test HAVE___TM_GMTOFF failed with the following output:
Change Dir: /home/jfra/projects/simtech/numsim/VTK-build/CMakeFiles/CMakeTmp

Run Build Command(s):/usr/bin/make cmTC_d1d11/fast && /usr/bin/make  -f CMakeFiles/cmTC_d1d11.dir/build.make CMakeFiles/cmTC_d1d11.dir/build
make[1]: Entering directory '/home/jfra/projects/simtech/numsim/VTK-build/CMakeFiles/CMakeTmp'
Building C object CMakeFiles/cmTC_d1d11.dir/HDFTests.c.o
/usr/bin/cc   -fPIE   -DHAVE___TM_GMTOFF  -DHAVE_SYS_TIME_H -DHAVE_UNISTD_H -DHAVE_SYS_TYPES_H -D_FILE_OFFSET_BITS=64 -D_LARGEFILE64_SOURCE -D_LARGEFILE_SOURCE -o CMakeFiles/cmTC_d1d11.dir/HDFTests.c.o -c /home/jfra/projects/simtech/numsim/VTK/ThirdParty/hdf5/vtkhdf5/config/cmake_ext_mod/HDFTests.c
/home/jfra/projects/simtech/numsim/VTK/ThirdParty/hdf5/vtkhdf5/config/cmake_ext_mod/HDFTests.c: In function ‘main’:
/home/jfra/projects/simtech/numsim/VTK/ThirdParty/hdf5/vtkhdf5/config/cmake_ext_mod/HDFTests.c:156:30: error: ‘struct tm’ has no member named ‘__tm_gmtoff’; did you mean ‘tm_gmtoff’?
  156 | SIMPLE_TEST(struct tm tm; tm.__tm_gmtoff=0);
      |                              ^~~~~~~~~~~
/home/jfra/projects/simtech/numsim/VTK/ThirdParty/hdf5/vtkhdf5/config/cmake_ext_mod/HDFTests.c:12:36: note: in definition of macro ‘SIMPLE_TEST’
   12 | #define SIMPLE_TEST(x) int main(){ x; return 0; }
      |                                    ^
make[1]: *** [CMakeFiles/cmTC_d1d11.dir/build.make:85: CMakeFiles/cmTC_d1d11.dir/HDFTests.c.o] Error 1
make[1]: Leaving directory '/home/jfra/projects/simtech/numsim/VTK-build/CMakeFiles/CMakeTmp'
make: *** [Makefile:140: cmTC_d1d11/fast] Error 2


Performing Other Test HAVE_TM_ZONE failed with the following output:
Change Dir: /home/jfra/projects/simtech/numsim/VTK-build/CMakeFiles/CMakeTmp

Run Build Command(s):/usr/bin/make cmTC_3e456/fast && /usr/bin/make  -f CMakeFiles/cmTC_3e456.dir/build.make CMakeFiles/cmTC_3e456.dir/build
make[1]: Entering directory '/home/jfra/projects/simtech/numsim/VTK-build/CMakeFiles/CMakeTmp'
Building C object CMakeFiles/cmTC_3e456.dir/HDFTests.c.o
/usr/bin/cc   -fPIE   -DHAVE_TM_ZONE  -DHAVE_SYS_TIME_H -DHAVE_UNISTD_H -DHAVE_SYS_TYPES_H -D_FILE_OFFSET_BITS=64 -D_LARGEFILE64_SOURCE -D_LARGEFILE_SOURCE -o CMakeFiles/cmTC_3e456.dir/HDFTests.c.o -c /home/jfra/projects/simtech/numsim/VTK/ThirdParty/hdf5/vtkhdf5/config/cmake_ext_mod/HDFTests.c
Linking C executable cmTC_3e456
/home/jfra/.local/lib/python3.8/site-packages/cmake/data/bin/cmake -E cmake_link_script CMakeFiles/cmTC_3e456.dir/link.txt --verbose=1
/usr/bin/cc  -Wl,-lc  -Wl,-lc    CMakeFiles/cmTC_3e456.dir/HDFTests.c.o -o cmTC_3e456 
/usr/bin/ld: /usr/lib/gcc/x86_64-linux-gnu/9/../../../x86_64-linux-gnu/Scrt1.o: in function `_start':
(.text+0x24): undefined reference to `main'
collect2: error: ld returned 1 exit status
make[1]: *** [CMakeFiles/cmTC_3e456.dir/build.make:106: cmTC_3e456] Error 1
make[1]: Leaving directory '/home/jfra/projects/simtech/numsim/VTK-build/CMakeFiles/CMakeTmp'
make: *** [Makefile:140: cmTC_3e456/fast] Error 2


Performing Other Test HAVE_STRUCT_TM_TM_ZONE failed with the following output:
Change Dir: /home/jfra/projects/simtech/numsim/VTK-build/CMakeFiles/CMakeTmp

Run Build Command(s):/usr/bin/make cmTC_bdc2c/fast && /usr/bin/make  -f CMakeFiles/cmTC_bdc2c.dir/build.make CMakeFiles/cmTC_bdc2c.dir/build
make[1]: Entering directory '/home/jfra/projects/simtech/numsim/VTK-build/CMakeFiles/CMakeTmp'
Building C object CMakeFiles/cmTC_bdc2c.dir/HDFTests.c.o
/usr/bin/cc   -fPIE   -DHAVE_STRUCT_TM_TM_ZONE  -DHAVE_SYS_TIME_H -DHAVE_UNISTD_H -DHAVE_SYS_TYPES_H -D_FILE_OFFSET_BITS=64 -D_LARGEFILE64_SOURCE -D_LARGEFILE_SOURCE -o CMakeFiles/cmTC_bdc2c.dir/HDFTests.c.o -c /home/jfra/projects/simtech/numsim/VTK/ThirdParty/hdf5/vtkhdf5/config/cmake_ext_mod/HDFTests.c
Linking C executable cmTC_bdc2c
/home/jfra/.local/lib/python3.8/site-packages/cmake/data/bin/cmake -E cmake_link_script CMakeFiles/cmTC_bdc2c.dir/link.txt --verbose=1
/usr/bin/cc  -Wl,-lc  -Wl,-lc    CMakeFiles/cmTC_bdc2c.dir/HDFTests.c.o -o cmTC_bdc2c 
/usr/bin/ld: /usr/lib/gcc/x86_64-linux-gnu/9/../../../x86_64-linux-gnu/Scrt1.o: in function `_start':
(.text+0x24): undefined reference to `main'
collect2: error: ld returned 1 exit status
make[1]: *** [CMakeFiles/cmTC_bdc2c.dir/build.make:106: cmTC_bdc2c] Error 1
make[1]: Leaving directory '/home/jfra/projects/simtech/numsim/VTK-build/CMakeFiles/CMakeTmp'
make: *** [Makefile:140: cmTC_bdc2c/fast] Error 2


Performing Other Test HAVE_STRUCT_VIDEOCONFIG failed with the following output:
Change Dir: /home/jfra/projects/simtech/numsim/VTK-build/CMakeFiles/CMakeTmp

Run Build Command(s):/usr/bin/make cmTC_edc0b/fast && /usr/bin/make  -f CMakeFiles/cmTC_edc0b.dir/build.make CMakeFiles/cmTC_edc0b.dir/build
make[1]: Entering directory '/home/jfra/projects/simtech/numsim/VTK-build/CMakeFiles/CMakeTmp'
Building C object CMakeFiles/cmTC_edc0b.dir/HDFTests.c.o
/usr/bin/cc   -fPIE   -DHAVE_STRUCT_VIDEOCONFIG  -DHAVE_SYS_TIME_H -DHAVE_UNISTD_H -DHAVE_SYS_TYPES_H -D_FILE_OFFSET_BITS=64 -D_LARGEFILE64_SOURCE -D_LARGEFILE_SOURCE -o CMakeFiles/cmTC_edc0b.dir/HDFTests.c.o -c /home/jfra/projects/simtech/numsim/VTK/ThirdParty/hdf5/vtkhdf5/config/cmake_ext_mod/HDFTests.c
/home/jfra/projects/simtech/numsim/VTK/ThirdParty/hdf5/vtkhdf5/config/cmake_ext_mod/HDFTests.c: In function ‘main’:
/home/jfra/projects/simtech/numsim/VTK/ThirdParty/hdf5/vtkhdf5/config/cmake_ext_mod/HDFTests.c:409:32: error: storage size of ‘w’ isn’t known
  409 | SIMPLE_TEST(struct videoconfig w; w.numtextcols=0);
      |                                ^
/home/jfra/projects/simtech/numsim/VTK/ThirdParty/hdf5/vtkhdf5/config/cmake_ext_mod/HDFTests.c:12:36: note: in definition of macro ‘SIMPLE_TEST’
   12 | #define SIMPLE_TEST(x) int main(){ x; return 0; }
      |                                    ^
make[1]: *** [CMakeFiles/cmTC_edc0b.dir/build.make:85: CMakeFiles/cmTC_edc0b.dir/HDFTests.c.o] Error 1
make[1]: Leaving directory '/home/jfra/projects/simtech/numsim/VTK-build/CMakeFiles/CMakeTmp'
make: *** [Makefile:140: cmTC_edc0b/fast] Error 2


Performing Other Test HAVE_STRUCT_TEXT_INFO failed with the following output:
Change Dir: /home/jfra/projects/simtech/numsim/VTK-build/CMakeFiles/CMakeTmp

Run Build Command(s):/usr/bin/make cmTC_29ad8/fast && /usr/bin/make  -f CMakeFiles/cmTC_29ad8.dir/build.make CMakeFiles/cmTC_29ad8.dir/build
make[1]: Entering directory '/home/jfra/projects/simtech/numsim/VTK-build/CMakeFiles/CMakeTmp'
Building C object CMakeFiles/cmTC_29ad8.dir/HDFTests.c.o
/usr/bin/cc   -fPIE   -DHAVE_STRUCT_TEXT_INFO  -DHAVE_SYS_TIME_H -DHAVE_UNISTD_H -DHAVE_SYS_TYPES_H -D_FILE_OFFSET_BITS=64 -D_LARGEFILE64_SOURCE -D_LARGEFILE_SOURCE -o CMakeFiles/cmTC_29ad8.dir/HDFTests.c.o -c /home/jfra/projects/simtech/numsim/VTK/ThirdParty/hdf5/vtkhdf5/config/cmake_ext_mod/HDFTests.c
/home/jfra/projects/simtech/numsim/VTK/ThirdParty/hdf5/vtkhdf5/config/cmake_ext_mod/HDFTests.c: In function ‘main’:
/home/jfra/projects/simtech/numsim/VTK/ThirdParty/hdf5/vtkhdf5/config/cmake_ext_mod/HDFTests.c:415:30: error: storage size of ‘w’ isn’t known
  415 | SIMPLE_TEST(struct text_info w; w.screenwidth=0);
      |                              ^
/home/jfra/projects/simtech/numsim/VTK/ThirdParty/hdf5/vtkhdf5/config/cmake_ext_mod/HDFTests.c:12:36: note: in definition of macro ‘SIMPLE_TEST’
   12 | #define SIMPLE_TEST(x) int main(){ x; return 0; }
      |                                    ^
make[1]: *** [CMakeFiles/cmTC_29ad8.dir/build.make:85: CMakeFiles/cmTC_29ad8.dir/HDFTests.c.o] Error 1
make[1]: Leaving directory '/home/jfra/projects/simtech/numsim/VTK-build/CMakeFiles/CMakeTmp'
make: *** [Makefile:140: cmTC_29ad8/fast] Error 2


Determining if the function _getvideoconfig exists failed with the following output:
Change Dir: /home/jfra/projects/simtech/numsim/VTK-build/CMakeFiles/CMakeTmp

Run Build Command(s):/usr/bin/make cmTC_cbf9f/fast && /usr/bin/make  -f CMakeFiles/cmTC_cbf9f.dir/build.make CMakeFiles/cmTC_cbf9f.dir/build
make[1]: Entering directory '/home/jfra/projects/simtech/numsim/VTK-build/CMakeFiles/CMakeTmp'
Building C object CMakeFiles/cmTC_cbf9f.dir/CheckFunctionExists.c.o
/usr/bin/cc -D_FILE_OFFSET_BITS=64 -D_LARGEFILE64_SOURCE -D_LARGEFILE_SOURCE  -DCHECK_FUNCTION_EXISTS=_getvideoconfig -fPIE -o CMakeFiles/cmTC_cbf9f.dir/CheckFunctionExists.c.o -c /home/jfra/.local/lib/python3.8/site-packages/cmake/data/share/cmake-3.18/Modules/CheckFunctionExists.c
Linking C executable cmTC_cbf9f
/home/jfra/.local/lib/python3.8/site-packages/cmake/data/bin/cmake -E cmake_link_script CMakeFiles/cmTC_cbf9f.dir/link.txt --verbose=1
/usr/bin/cc   -DCHECK_FUNCTION_EXISTS=_getvideoconfig  -Wl,-lc  -Wl,-lc    CMakeFiles/cmTC_cbf9f.dir/CheckFunctionExists.c.o -o cmTC_cbf9f 
/usr/bin/ld: CMakeFiles/cmTC_cbf9f.dir/CheckFunctionExists.c.o: in function `main':
CheckFunctionExists.c:(.text+0x14): undefined reference to `_getvideoconfig'
collect2: error: ld returned 1 exit status
make[1]: *** [CMakeFiles/cmTC_cbf9f.dir/build.make:106: cmTC_cbf9f] Error 1
make[1]: Leaving directory '/home/jfra/projects/simtech/numsim/VTK-build/CMakeFiles/CMakeTmp'
make: *** [Makefile:140: cmTC_cbf9f/fast] Error 2



Determining if the function gettextinfo exists failed with the following output:
Change Dir: /home/jfra/projects/simtech/numsim/VTK-build/CMakeFiles/CMakeTmp

Run Build Command(s):/usr/bin/make cmTC_71b7a/fast && /usr/bin/make  -f CMakeFiles/cmTC_71b7a.dir/build.make CMakeFiles/cmTC_71b7a.dir/build
make[1]: Entering directory '/home/jfra/projects/simtech/numsim/VTK-build/CMakeFiles/CMakeTmp'
Building C object CMakeFiles/cmTC_71b7a.dir/CheckFunctionExists.c.o
/usr/bin/cc -D_FILE_OFFSET_BITS=64 -D_LARGEFILE64_SOURCE -D_LARGEFILE_SOURCE  -DCHECK_FUNCTION_EXISTS=gettextinfo -fPIE -o CMakeFiles/cmTC_71b7a.dir/CheckFunctionExists.c.o -c /home/jfra/.local/lib/python3.8/site-packages/cmake/data/share/cmake-3.18/Modules/CheckFunctionExists.c
Linking C executable cmTC_71b7a
/home/jfra/.local/lib/python3.8/site-packages/cmake/data/bin/cmake -E cmake_link_script CMakeFiles/cmTC_71b7a.dir/link.txt --verbose=1
/usr/bin/cc   -DCHECK_FUNCTION_EXISTS=gettextinfo  -Wl,-lc  -Wl,-lc    CMakeFiles/cmTC_71b7a.dir/CheckFunctionExists.c.o -o cmTC_71b7a 
/usr/bin/ld: CMakeFiles/cmTC_71b7a.dir/CheckFunctionExists.c.o: in function `main':
CheckFunctionExists.c:(.text+0x14): undefined reference to `gettextinfo'
collect2: error: ld returned 1 exit status
make[1]: *** [CMakeFiles/cmTC_71b7a.dir/build.make:106: cmTC_71b7a] Error 1
make[1]: Leaving directory '/home/jfra/projects/simtech/numsim/VTK-build/CMakeFiles/CMakeTmp'
make: *** [Makefile:140: cmTC_71b7a/fast] Error 2



Determining if the function _scrsize exists failed with the following output:
Change Dir: /home/jfra/projects/simtech/numsim/VTK-build/CMakeFiles/CMakeTmp

Run Build Command(s):/usr/bin/make cmTC_cf18c/fast && /usr/bin/make  -f CMakeFiles/cmTC_cf18c.dir/build.make CMakeFiles/cmTC_cf18c.dir/build
make[1]: Entering directory '/home/jfra/projects/simtech/numsim/VTK-build/CMakeFiles/CMakeTmp'
Building C object CMakeFiles/cmTC_cf18c.dir/CheckFunctionExists.c.o
/usr/bin/cc -D_FILE_OFFSET_BITS=64 -D_LARGEFILE64_SOURCE -D_LARGEFILE_SOURCE  -DCHECK_FUNCTION_EXISTS=_scrsize -fPIE -o CMakeFiles/cmTC_cf18c.dir/CheckFunctionExists.c.o -c /home/jfra/.local/lib/python3.8/site-packages/cmake/data/share/cmake-3.18/Modules/CheckFunctionExists.c
Linking C executable cmTC_cf18c
/home/jfra/.local/lib/python3.8/site-packages/cmake/data/bin/cmake -E cmake_link_script CMakeFiles/cmTC_cf18c.dir/link.txt --verbose=1
/usr/bin/cc   -DCHECK_FUNCTION_EXISTS=_scrsize  -Wl,-lc  -Wl,-lc    CMakeFiles/cmTC_cf18c.dir/CheckFunctionExists.c.o -o cmTC_cf18c 
/usr/bin/ld: CMakeFiles/cmTC_cf18c.dir/CheckFunctionExists.c.o: in function `main':
CheckFunctionExists.c:(.text+0x14): undefined reference to `_scrsize'
collect2: error: ld returned 1 exit status
make[1]: *** [CMakeFiles/cmTC_cf18c.dir/build.make:106: cmTC_cf18c] Error 1
make[1]: Leaving directory '/home/jfra/projects/simtech/numsim/VTK-build/CMakeFiles/CMakeTmp'
make: *** [Makefile:140: cmTC_cf18c/fast] Error 2



Determining if the function GetConsoleScreenBufferInfo exists failed with the following output:
Change Dir: /home/jfra/projects/simtech/numsim/VTK-build/CMakeFiles/CMakeTmp

Run Build Command(s):/usr/bin/make cmTC_35011/fast && /usr/bin/make  -f CMakeFiles/cmTC_35011.dir/build.make CMakeFiles/cmTC_35011.dir/build
make[1]: Entering directory '/home/jfra/projects/simtech/numsim/VTK-build/CMakeFiles/CMakeTmp'
Building C object CMakeFiles/cmTC_35011.dir/CheckFunctionExists.c.o
/usr/bin/cc -D_FILE_OFFSET_BITS=64 -D_LARGEFILE64_SOURCE -D_LARGEFILE_SOURCE  -DCHECK_FUNCTION_EXISTS=GetConsoleScreenBufferInfo -fPIE -o CMakeFiles/cmTC_35011.dir/CheckFunctionExists.c.o -c /home/jfra/.local/lib/python3.8/site-packages/cmake/data/share/cmake-3.18/Modules/CheckFunctionExists.c
Linking C executable cmTC_35011
/home/jfra/.local/lib/python3.8/site-packages/cmake/data/bin/cmake -E cmake_link_script CMakeFiles/cmTC_35011.dir/link.txt --verbose=1
/usr/bin/cc   -DCHECK_FUNCTION_EXISTS=GetConsoleScreenBufferInfo  -Wl,-lc  -Wl,-lc    CMakeFiles/cmTC_35011.dir/CheckFunctionExists.c.o -o cmTC_35011 
/usr/bin/ld: CMakeFiles/cmTC_35011.dir/CheckFunctionExists.c.o: in function `main':
CheckFunctionExists.c:(.text+0x14): undefined reference to `GetConsoleScreenBufferInfo'
collect2: error: ld returned 1 exit status
make[1]: *** [CMakeFiles/cmTC_35011.dir/build.make:106: cmTC_35011] Error 1
make[1]: Leaving directory '/home/jfra/projects/simtech/numsim/VTK-build/CMakeFiles/CMakeTmp'
make: *** [Makefile:140: cmTC_35011/fast] Error 2



Determining if the function setsysinfo exists failed with the following output:
Change Dir: /home/jfra/projects/simtech/numsim/VTK-build/CMakeFiles/CMakeTmp

Run Build Command(s):/usr/bin/make cmTC_79299/fast && /usr/bin/make  -f CMakeFiles/cmTC_79299.dir/build.make CMakeFiles/cmTC_79299.dir/build
make[1]: Entering directory '/home/jfra/projects/simtech/numsim/VTK-build/CMakeFiles/CMakeTmp'
Building C object CMakeFiles/cmTC_79299.dir/CheckFunctionExists.c.o
/usr/bin/cc -D_FILE_OFFSET_BITS=64 -D_LARGEFILE64_SOURCE -D_LARGEFILE_SOURCE  -DCHECK_FUNCTION_EXISTS=setsysinfo -fPIE -o CMakeFiles/cmTC_79299.dir/CheckFunctionExists.c.o -c /home/jfra/.local/lib/python3.8/site-packages/cmake/data/share/cmake-3.18/Modules/CheckFunctionExists.c
Linking C executable cmTC_79299
/home/jfra/.local/lib/python3.8/site-packages/cmake/data/bin/cmake -E cmake_link_script CMakeFiles/cmTC_79299.dir/link.txt --verbose=1
/usr/bin/cc   -DCHECK_FUNCTION_EXISTS=setsysinfo  -Wl,-lc  -Wl,-lc    CMakeFiles/cmTC_79299.dir/CheckFunctionExists.c.o -o cmTC_79299 
/usr/bin/ld: CMakeFiles/cmTC_79299.dir/CheckFunctionExists.c.o: in function `main':
CheckFunctionExists.c:(.text+0x14): undefined reference to `setsysinfo'
collect2: error: ld returned 1 exit status
make[1]: *** [CMakeFiles/cmTC_79299.dir/build.make:106: cmTC_79299] Error 1
make[1]: Leaving directory '/home/jfra/projects/simtech/numsim/VTK-build/CMakeFiles/CMakeTmp'
make: *** [Makefile:140: cmTC_79299/fast] Error 2



Determining if the function sigsetjmp exists failed with the following output:
Change Dir: /home/jfra/projects/simtech/numsim/VTK-build/CMakeFiles/CMakeTmp

Run Build Command(s):/usr/bin/make cmTC_ccd87/fast && /usr/bin/make  -f CMakeFiles/cmTC_ccd87.dir/build.make CMakeFiles/cmTC_ccd87.dir/build
make[1]: Entering directory '/home/jfra/projects/simtech/numsim/VTK-build/CMakeFiles/CMakeTmp'
Building C object CMakeFiles/cmTC_ccd87.dir/CheckFunctionExists.c.o
/usr/bin/cc -D_FILE_OFFSET_BITS=64 -D_LARGEFILE64_SOURCE -D_LARGEFILE_SOURCE  -DCHECK_FUNCTION_EXISTS=sigsetjmp -fPIE -o CMakeFiles/cmTC_ccd87.dir/CheckFunctionExists.c.o -c /home/jfra/.local/lib/python3.8/site-packages/cmake/data/share/cmake-3.18/Modules/CheckFunctionExists.c
Linking C executable cmTC_ccd87
/home/jfra/.local/lib/python3.8/site-packages/cmake/data/bin/cmake -E cmake_link_script CMakeFiles/cmTC_ccd87.dir/link.txt --verbose=1
/usr/bin/cc   -DCHECK_FUNCTION_EXISTS=sigsetjmp  -Wl,-lc  -Wl,-lc    CMakeFiles/cmTC_ccd87.dir/CheckFunctionExists.c.o -o cmTC_ccd87 
/usr/bin/ld: CMakeFiles/cmTC_ccd87.dir/CheckFunctionExists.c.o: in function `main':
CheckFunctionExists.c:(.text+0x14): undefined reference to `sigsetjmp'
collect2: error: ld returned 1 exit status
make[1]: *** [CMakeFiles/cmTC_ccd87.dir/build.make:106: cmTC_ccd87] Error 1
make[1]: Leaving directory '/home/jfra/projects/simtech/numsim/VTK-build/CMakeFiles/CMakeTmp'
make: *** [Makefile:140: cmTC_ccd87/fast] Error 2



Determining size of _Quad failed with the following output:
Change Dir: /home/jfra/projects/simtech/numsim/VTK-build/CMakeFiles/CMakeTmp

Run Build Command(s):/usr/bin/make cmTC_e71e8/fast && /usr/bin/make  -f CMakeFiles/cmTC_e71e8.dir/build.make CMakeFiles/cmTC_e71e8.dir/build
make[1]: Entering directory '/home/jfra/projects/simtech/numsim/VTK-build/CMakeFiles/CMakeTmp'
Building C object CMakeFiles/cmTC_e71e8.dir/H5_SIZEOF__QUAD.c.o
/usr/bin/cc -D_FILE_OFFSET_BITS=64 -D_LARGEFILE64_SOURCE -D_LARGEFILE_SOURCE  -fPIE -o CMakeFiles/cmTC_e71e8.dir/H5_SIZEOF__QUAD.c.o -c /home/jfra/projects/simtech/numsim/VTK-build/CMakeFiles/CheckTypeSize/H5_SIZEOF__QUAD.c
/home/jfra/projects/simtech/numsim/VTK-build/CMakeFiles/CheckTypeSize/H5_SIZEOF__QUAD.c:28:22: error: ‘_Quad’ undeclared here (not in a function)
   28 | #define SIZE (sizeof(_Quad))
      |                      ^~~~~
/home/jfra/projects/simtech/numsim/VTK-build/CMakeFiles/CheckTypeSize/H5_SIZEOF__QUAD.c:30:12: note: in expansion of macro ‘SIZE’
   30 |   ('0' + ((SIZE / 10000)%10)),
      |            ^~~~
make[1]: *** [CMakeFiles/cmTC_e71e8.dir/build.make:85: CMakeFiles/cmTC_e71e8.dir/H5_SIZEOF__QUAD.c.o] Error 1
make[1]: Leaving directory '/home/jfra/projects/simtech/numsim/VTK-build/CMakeFiles/CMakeTmp'
make: *** [Makefile:140: cmTC_e71e8/fast] Error 2


/home/jfra/projects/simtech/numsim/VTK-build/CMakeFiles/CheckTypeSize/H5_SIZEOF__QUAD.c:
#include <sys/types.h>
#include <stdint.h>
#include <stddef.h>
#include "stdbool.h"


#undef KEY
#if defined(__i386)
# define KEY '_','_','i','3','8','6'
#elif defined(__x86_64)
# define KEY '_','_','x','8','6','_','6','4'
#elif defined(__PPC64__)
# define KEY '_','_','P','P','C','6','4','_','_'
#elif defined(__ppc64__)
# define KEY '_','_','p','p','c','6','4','_','_'
#elif defined(__PPC__)
# define KEY '_','_','P','P','C','_','_'
#elif defined(__ppc__)
# define KEY '_','_','p','p','c','_','_'
#elif defined(__aarch64__)
# define KEY '_','_','a','a','r','c','h','6','4','_','_'
#elif defined(__ARM_ARCH_7A__)
# define KEY '_','_','A','R','M','_','A','R','C','H','_','7','A','_','_'
#elif defined(__ARM_ARCH_7S__)
# define KEY '_','_','A','R','M','_','A','R','C','H','_','7','S','_','_'
#endif

#define SIZE (sizeof(_Quad))
static char info_size[] =  {'I', 'N', 'F', 'O', ':', 's','i','z','e','[',
  ('0' + ((SIZE / 10000)%10)),
  ('0' + ((SIZE / 1000)%10)),
  ('0' + ((SIZE / 100)%10)),
  ('0' + ((SIZE / 10)%10)),
  ('0' +  (SIZE    % 10)),
  ']',
#ifdef KEY
  ' ','k','e','y','[', KEY, ']',
#endif
  '\0'};

#ifdef __CLASSIC_C__
int main(argc, argv) int argc; char *argv[];
#else
int main(int argc, char *argv[])
#endif
{
  int require = 0;
  require += info_size[argc];
  (void)argv;
  return require;
}


Test H5_LDOUBLE_TO_LONG_SPECIAL Run failed with the following output and exit code:
 Change Dir: /home/jfra/projects/simtech/numsim/VTK-build/CMakeFiles/CMakeTmp

Run Build Command(s):/usr/bin/make cmTC_0504b/fast && /usr/bin/make  -f CMakeFiles/cmTC_0504b.dir/build.make CMakeFiles/cmTC_0504b.dir/build
make[1]: Entering directory '/home/jfra/projects/simtech/numsim/VTK-build/CMakeFiles/CMakeTmp'
Building C object CMakeFiles/cmTC_0504b.dir/ConversionTests.c.o
/usr/bin/cc   -DH5_LDOUBLE_TO_LONG_SPECIAL_TEST -fPIE -o CMakeFiles/cmTC_0504b.dir/ConversionTests.c.o -c /home/jfra/projects/simtech/numsim/VTK/ThirdParty/hdf5/vtkhdf5/config/cmake/ConversionTests.c
Linking C executable cmTC_0504b
/home/jfra/.local/lib/python3.8/site-packages/cmake/data/bin/cmake -E cmake_link_script CMakeFiles/cmTC_0504b.dir/link.txt --verbose=1
/usr/bin/cc   -DH5_LDOUBLE_TO_LONG_SPECIAL_TEST  -Wl,-lc  -Wl,-lc    CMakeFiles/cmTC_0504b.dir/ConversionTests.c.o -o cmTC_0504b 
make[1]: Leaving directory '/home/jfra/projects/simtech/numsim/VTK-build/CMakeFiles/CMakeTmp'


Test H5_LONG_TO_LDOUBLE_SPECIAL Run failed with the following output and exit code:
 Change Dir: /home/jfra/projects/simtech/numsim/VTK-build/CMakeFiles/CMakeTmp

Run Build Command(s):/usr/bin/make cmTC_c6584/fast && /usr/bin/make  -f CMakeFiles/cmTC_c6584.dir/build.make CMakeFiles/cmTC_c6584.dir/build
make[1]: Entering directory '/home/jfra/projects/simtech/numsim/VTK-build/CMakeFiles/CMakeTmp'
Building C object CMakeFiles/cmTC_c6584.dir/ConversionTests.c.o
/usr/bin/cc   -DH5_LONG_TO_LDOUBLE_SPECIAL_TEST -fPIE -o CMakeFiles/cmTC_c6584.dir/ConversionTests.c.o -c /home/jfra/projects/simtech/numsim/VTK/ThirdParty/hdf5/vtkhdf5/config/cmake/ConversionTests.c
Linking C executable cmTC_c6584
/home/jfra/.local/lib/python3.8/site-packages/cmake/data/bin/cmake -E cmake_link_script CMakeFiles/cmTC_c6584.dir/link.txt --verbose=1
/usr/bin/cc   -DH5_LONG_TO_LDOUBLE_SPECIAL_TEST  -Wl,-lc  -Wl,-lc    CMakeFiles/cmTC_c6584.dir/ConversionTests.c.o -o cmTC_c6584 
make[1]: Leaving directory '/home/jfra/projects/simtech/numsim/VTK-build/CMakeFiles/CMakeTmp'


Test H5_DISABLE_SOME_LDOUBLE_CONV Run failed with the following output and exit code:
 Change Dir: /home/jfra/projects/simtech/numsim/VTK-build/CMakeFiles/CMakeTmp

Run Build Command(s):/usr/bin/make cmTC_34c11/fast && /usr/bin/make  -f CMakeFiles/cmTC_34c11.dir/build.make CMakeFiles/cmTC_34c11.dir/build
make[1]: Entering directory '/home/jfra/projects/simtech/numsim/VTK-build/CMakeFiles/CMakeTmp'
Building C object CMakeFiles/cmTC_34c11.dir/ConversionTests.c.o
/usr/bin/cc   -DH5_DISABLE_SOME_LDOUBLE_CONV_TEST -fPIE -o CMakeFiles/cmTC_34c11.dir/ConversionTests.c.o -c /home/jfra/projects/simtech/numsim/VTK/ThirdParty/hdf5/vtkhdf5/config/cmake/ConversionTests.c
Linking C executable cmTC_34c11
/home/jfra/.local/lib/python3.8/site-packages/cmake/data/bin/cmake -E cmake_link_script CMakeFiles/cmTC_34c11.dir/link.txt --verbose=1
/usr/bin/cc   -DH5_DISABLE_SOME_LDOUBLE_CONV_TEST  -Wl,-lc  -Wl,-lc    CMakeFiles/cmTC_34c11.dir/ConversionTests.c.o -o cmTC_34c11 
make[1]: Leaving directory '/home/jfra/projects/simtech/numsim/VTK-build/CMakeFiles/CMakeTmp'


Performing C SOURCE FILE Test have_flag_logical-op-parentheses failed with the following output:
Change Dir: /home/jfra/projects/simtech/numsim/VTK-build/CMakeFiles/CMakeTmp

Run Build Command(s):/usr/bin/make cmTC_82d0f/fast && /usr/bin/make  -f CMakeFiles/cmTC_82d0f.dir/build.make CMakeFiles/cmTC_82d0f.dir/build
make[1]: Entering directory '/home/jfra/projects/simtech/numsim/VTK-build/CMakeFiles/CMakeTmp'
Building C object CMakeFiles/cmTC_82d0f.dir/src.c.o
/usr/bin/cc   -Dhave_flag_logical-op-parentheses -fPIE   -Wno-logical-op-parentheses -o CMakeFiles/cmTC_82d0f.dir/src.c.o -c /home/jfra/projects/simtech/numsim/VTK-build/CMakeFiles/CMakeTmp/src.c
<command-line>: warning: ISO C99 requires whitespace after the macro name
cc1: warning: unrecognized command line option '-Wno-logical-op-parentheses'
Linking C executable cmTC_82d0f
/home/jfra/.local/lib/python3.8/site-packages/cmake/data/bin/cmake -E cmake_link_script CMakeFiles/cmTC_82d0f.dir/link.txt --verbose=1
/usr/bin/cc   -Dhave_flag_logical-op-parentheses  -Wl,-lc  -Wl,-lc    CMakeFiles/cmTC_82d0f.dir/src.c.o -o cmTC_82d0f 
make[1]: Leaving directory '/home/jfra/projects/simtech/numsim/VTK-build/CMakeFiles/CMakeTmp'


Source file was:
int main(void) { return 0; }
Performing C SOURCE FILE Test have_flag_shift-op-parentheses failed with the following output:
Change Dir: /home/jfra/projects/simtech/numsim/VTK-build/CMakeFiles/CMakeTmp

Run Build Command(s):/usr/bin/make cmTC_18a6a/fast && /usr/bin/make  -f CMakeFiles/cmTC_18a6a.dir/build.make CMakeFiles/cmTC_18a6a.dir/build
make[1]: Entering directory '/home/jfra/projects/simtech/numsim/VTK-build/CMakeFiles/CMakeTmp'
Building C object CMakeFiles/cmTC_18a6a.dir/src.c.o
/usr/bin/cc   -Dhave_flag_shift-op-parentheses -fPIE   -Wno-shift-op-parentheses -o CMakeFiles/cmTC_18a6a.dir/src.c.o -c /home/jfra/projects/simtech/numsim/VTK-build/CMakeFiles/CMakeTmp/src.c
<command-line>: warning: ISO C99 requires whitespace after the macro name
cc1: warning: unrecognized command line option '-Wno-shift-op-parentheses'
Linking C executable cmTC_18a6a
/home/jfra/.local/lib/python3.8/site-packages/cmake/data/bin/cmake -E cmake_link_script CMakeFiles/cmTC_18a6a.dir/link.txt --verbose=1
/usr/bin/cc   -Dhave_flag_shift-op-parentheses  -Wl,-lc  -Wl,-lc    CMakeFiles/cmTC_18a6a.dir/src.c.o -o cmTC_18a6a 
make[1]: Leaving directory '/home/jfra/projects/simtech/numsim/VTK-build/CMakeFiles/CMakeTmp'


Source file was:
int main(void) { return 0; }
Determining if the _filelengthi64 exist failed with the following output:
Change Dir: /home/jfra/projects/simtech/numsim/VTK-build/CMakeFiles/CMakeTmp

Run Build Command(s):/usr/bin/make cmTC_6af7e/fast && /usr/bin/make  -f CMakeFiles/cmTC_6af7e.dir/build.make CMakeFiles/cmTC_6af7e.dir/build
make[1]: Entering directory '/home/jfra/projects/simtech/numsim/VTK-build/CMakeFiles/CMakeTmp'
Building C object CMakeFiles/cmTC_6af7e.dir/CheckSymbolExists.c.o
/usr/bin/cc   -fPIE -o CMakeFiles/cmTC_6af7e.dir/CheckSymbolExists.c.o -c /home/jfra/projects/simtech/numsim/VTK-build/CMakeFiles/CMakeTmp/CheckSymbolExists.c
/home/jfra/projects/simtech/numsim/VTK-build/CMakeFiles/CMakeTmp/CheckSymbolExists.c:2:10: fatal error: io.h: No such file or directory
    2 | #include <io.h>
      |          ^~~~~~
compilation terminated.
make[1]: *** [CMakeFiles/cmTC_6af7e.dir/build.make:85: CMakeFiles/cmTC_6af7e.dir/CheckSymbolExists.c.o] Error 1
make[1]: Leaving directory '/home/jfra/projects/simtech/numsim/VTK-build/CMakeFiles/CMakeTmp'
make: *** [Makefile:140: cmTC_6af7e/fast] Error 2


File /home/jfra/projects/simtech/numsim/VTK-build/CMakeFiles/CMakeTmp/CheckSymbolExists.c:
/* */
#include <io.h>

int main(int argc, char** argv)
{
  (void)argv;
#ifndef _filelengthi64
  return ((int*)(&_filelengthi64))[argc];
#else
  (void)argc;
  return 0;
#endif
}
Determining if the strlcat exist failed with the following output:
Change Dir: /home/jfra/projects/simtech/numsim/VTK-build/CMakeFiles/CMakeTmp

Run Build Command(s):/usr/bin/make cmTC_06145/fast && /usr/bin/make  -f CMakeFiles/cmTC_06145.dir/build.make CMakeFiles/cmTC_06145.dir/build
make[1]: Entering directory '/home/jfra/projects/simtech/numsim/VTK-build/CMakeFiles/CMakeTmp'
Building C object CMakeFiles/cmTC_06145.dir/CheckSymbolExists.c.o
/usr/bin/cc   -fPIE -o CMakeFiles/cmTC_06145.dir/CheckSymbolExists.c.o -c /home/jfra/projects/simtech/numsim/VTK-build/CMakeFiles/CMakeTmp/CheckSymbolExists.c
/home/jfra/projects/simtech/numsim/VTK-build/CMakeFiles/CMakeTmp/CheckSymbolExists.c: In function ‘main’:
/home/jfra/projects/simtech/numsim/VTK-build/CMakeFiles/CMakeTmp/CheckSymbolExists.c:8:19: error: ‘strlcat’ undeclared (first use in this function); did you mean ‘strncat’?
    8 |   return ((int*)(&strlcat))[argc];
      |                   ^~~~~~~
      |                   strncat
/home/jfra/projects/simtech/numsim/VTK-build/CMakeFiles/CMakeTmp/CheckSymbolExists.c:8:19: note: each undeclared identifier is reported only once for each function it appears in
make[1]: *** [CMakeFiles/cmTC_06145.dir/build.make:85: CMakeFiles/cmTC_06145.dir/CheckSymbolExists.c.o] Error 1
make[1]: Leaving directory '/home/jfra/projects/simtech/numsim/VTK-build/CMakeFiles/CMakeTmp'
make: *** [Makefile:140: cmTC_06145/fast] Error 2


File /home/jfra/projects/simtech/numsim/VTK-build/CMakeFiles/CMakeTmp/CheckSymbolExists.c:
/* */
#include <string.h>

int main(int argc, char** argv)
{
  (void)argv;
#ifndef strlcat
  return ((int*)(&strlcat))[argc];
#else
  (void)argc;
  return 0;
#endif
}
Determining if the st_blocksize exist failed with the following output:
Change Dir: /home/jfra/projects/simtech/numsim/VTK-build/CMakeFiles/CMakeTmp

Run Build Command(s):/usr/bin/make cmTC_1446e/fast && /usr/bin/make  -f CMakeFiles/cmTC_1446e.dir/build.make CMakeFiles/cmTC_1446e.dir/build
make[1]: Entering directory '/home/jfra/projects/simtech/numsim/VTK-build/CMakeFiles/CMakeTmp'
Building C object CMakeFiles/cmTC_1446e.dir/CheckSymbolExists.c.o
/usr/bin/cc   -fPIE -o CMakeFiles/cmTC_1446e.dir/CheckSymbolExists.c.o -c /home/jfra/projects/simtech/numsim/VTK-build/CMakeFiles/CMakeTmp/CheckSymbolExists.c
/home/jfra/projects/simtech/numsim/VTK-build/CMakeFiles/CMakeTmp/CheckSymbolExists.c: In function ‘main’:
/home/jfra/projects/simtech/numsim/VTK-build/CMakeFiles/CMakeTmp/CheckSymbolExists.c:8:19: error: ‘st_blocksize’ undeclared (first use in this function)
    8 |   return ((int*)(&st_blocksize))[argc];
      |                   ^~~~~~~~~~~~
/home/jfra/projects/simtech/numsim/VTK-build/CMakeFiles/CMakeTmp/CheckSymbolExists.c:8:19: note: each undeclared identifier is reported only once for each function it appears in
make[1]: *** [CMakeFiles/cmTC_1446e.dir/build.make:85: CMakeFiles/cmTC_1446e.dir/CheckSymbolExists.c.o] Error 1
make[1]: Leaving directory '/home/jfra/projects/simtech/numsim/VTK-build/CMakeFiles/CMakeTmp'
make: *** [Makefile:140: cmTC_1446e/fast] Error 2


File /home/jfra/projects/simtech/numsim/VTK-build/CMakeFiles/CMakeTmp/CheckSymbolExists.c:
/* */
#include <sys/stat.h>

int main(int argc, char** argv)
{
  (void)argv;
#ifndef st_blocksize
  return ((int*)(&st_blocksize))[argc];
#else
  (void)argc;
  return 0;
#endif
}
Determining size of longlong failed with the following output:
Change Dir: /home/jfra/projects/simtech/numsim/VTK-build/CMakeFiles/CMakeTmp

Run Build Command(s):/usr/bin/make cmTC_cebe3/fast && /usr/bin/make  -f CMakeFiles/cmTC_cebe3.dir/build.make CMakeFiles/cmTC_cebe3.dir/build
make[1]: Entering directory '/home/jfra/projects/simtech/numsim/VTK-build/CMakeFiles/CMakeTmp'
Building C object CMakeFiles/cmTC_cebe3.dir/HAVE_LONGLONG.c.o
/usr/bin/cc   -fPIE -o CMakeFiles/cmTC_cebe3.dir/HAVE_LONGLONG.c.o -c /home/jfra/projects/simtech/numsim/VTK-build/CMakeFiles/CheckTypeSize/HAVE_LONGLONG.c
/home/jfra/projects/simtech/numsim/VTK-build/CMakeFiles/CheckTypeSize/HAVE_LONGLONG.c:27:22: error: ‘longlong’ undeclared here (not in a function)
   27 | #define SIZE (sizeof(longlong))
      |                      ^~~~~~~~
/home/jfra/projects/simtech/numsim/VTK-build/CMakeFiles/CheckTypeSize/HAVE_LONGLONG.c:29:12: note: in expansion of macro ‘SIZE’
   29 |   ('0' + ((SIZE / 10000)%10)),
      |            ^~~~
make[1]: *** [CMakeFiles/cmTC_cebe3.dir/build.make:85: CMakeFiles/cmTC_cebe3.dir/HAVE_LONGLONG.c.o] Error 1
make[1]: Leaving directory '/home/jfra/projects/simtech/numsim/VTK-build/CMakeFiles/CMakeTmp'
make: *** [Makefile:140: cmTC_cebe3/fast] Error 2


/home/jfra/projects/simtech/numsim/VTK-build/CMakeFiles/CheckTypeSize/HAVE_LONGLONG.c:
#include <sys/types.h>
#include <stdint.h>
#include <stddef.h>


#undef KEY
#if defined(__i386)
# define KEY '_','_','i','3','8','6'
#elif defined(__x86_64)
# define KEY '_','_','x','8','6','_','6','4'
#elif defined(__PPC64__)
# define KEY '_','_','P','P','C','6','4','_','_'
#elif defined(__ppc64__)
# define KEY '_','_','p','p','c','6','4','_','_'
#elif defined(__PPC__)
# define KEY '_','_','P','P','C','_','_'
#elif defined(__ppc__)
# define KEY '_','_','p','p','c','_','_'
#elif defined(__aarch64__)
# define KEY '_','_','a','a','r','c','h','6','4','_','_'
#elif defined(__ARM_ARCH_7A__)
# define KEY '_','_','A','R','M','_','A','R','C','H','_','7','A','_','_'
#elif defined(__ARM_ARCH_7S__)
# define KEY '_','_','A','R','M','_','A','R','C','H','_','7','S','_','_'
#endif

#define SIZE (sizeof(longlong))
static char info_size[] =  {'I', 'N', 'F', 'O', ':', 's','i','z','e','[',
  ('0' + ((SIZE / 10000)%10)),
  ('0' + ((SIZE / 1000)%10)),
  ('0' + ((SIZE / 100)%10)),
  ('0' + ((SIZE / 10)%10)),
  ('0' +  (SIZE    % 10)),
  ']',
#ifdef KEY
  ' ','k','e','y','[', KEY, ']',
#endif
  '\0'};

#ifdef __CLASSIC_C__
int main(argc, argv) int argc; char *argv[];
#else
int main(int argc, char *argv[])
#endif
{
  int require = 0;
  require += info_size[argc];
  (void)argv;
  return require;
}


Determining size of uchar failed with the following output:
Change Dir: /home/jfra/projects/simtech/numsim/VTK-build/CMakeFiles/CMakeTmp

Run Build Command(s):/usr/bin/make cmTC_d48f6/fast && /usr/bin/make  -f CMakeFiles/cmTC_d48f6.dir/build.make CMakeFiles/cmTC_d48f6.dir/build
make[1]: Entering directory '/home/jfra/projects/simtech/numsim/VTK-build/CMakeFiles/CMakeTmp'
Building C object CMakeFiles/cmTC_d48f6.dir/HAVE_UCHAR.c.o
/usr/bin/cc   -fPIE -o CMakeFiles/cmTC_d48f6.dir/HAVE_UCHAR.c.o -c /home/jfra/projects/simtech/numsim/VTK-build/CMakeFiles/CheckTypeSize/HAVE_UCHAR.c
/home/jfra/projects/simtech/numsim/VTK-build/CMakeFiles/CheckTypeSize/HAVE_UCHAR.c:27:22: error: ‘uchar’ undeclared here (not in a function); did you mean ‘u_char’?
   27 | #define SIZE (sizeof(uchar))
      |                      ^~~~~
/home/jfra/projects/simtech/numsim/VTK-build/CMakeFiles/CheckTypeSize/HAVE_UCHAR.c:29:12: note: in expansion of macro ‘SIZE’
   29 |   ('0' + ((SIZE / 10000)%10)),
      |            ^~~~
make[1]: *** [CMakeFiles/cmTC_d48f6.dir/build.make:85: CMakeFiles/cmTC_d48f6.dir/HAVE_UCHAR.c.o] Error 1
make[1]: Leaving directory '/home/jfra/projects/simtech/numsim/VTK-build/CMakeFiles/CMakeTmp'
make: *** [Makefile:140: cmTC_d48f6/fast] Error 2


/home/jfra/projects/simtech/numsim/VTK-build/CMakeFiles/CheckTypeSize/HAVE_UCHAR.c:
#include <sys/types.h>
#include <stdint.h>
#include <stddef.h>


#undef KEY
#if defined(__i386)
# define KEY '_','_','i','3','8','6'
#elif defined(__x86_64)
# define KEY '_','_','x','8','6','_','6','4'
#elif defined(__PPC64__)
# define KEY '_','_','P','P','C','6','4','_','_'
#elif defined(__ppc64__)
# define KEY '_','_','p','p','c','6','4','_','_'
#elif defined(__PPC__)
# define KEY '_','_','P','P','C','_','_'
#elif defined(__ppc__)
# define KEY '_','_','p','p','c','_','_'
#elif defined(__aarch64__)
# define KEY '_','_','a','a','r','c','h','6','4','_','_'
#elif defined(__ARM_ARCH_7A__)
# define KEY '_','_','A','R','M','_','A','R','C','H','_','7','A','_','_'
#elif defined(__ARM_ARCH_7S__)
# define KEY '_','_','A','R','M','_','A','R','C','H','_','7','S','_','_'
#endif

#define SIZE (sizeof(uchar))
static char info_size[] =  {'I', 'N', 'F', 'O', ':', 's','i','z','e','[',
  ('0' + ((SIZE / 10000)%10)),
  ('0' + ((SIZE / 1000)%10)),
  ('0' + ((SIZE / 100)%10)),
  ('0' + ((SIZE / 10)%10)),
  ('0' +  (SIZE    % 10)),
  ']',
#ifdef KEY
  ' ','k','e','y','[', KEY, ']',
#endif
  '\0'};

#ifdef __CLASSIC_C__
int main(argc, argv) int argc; char *argv[];
#else
int main(int argc, char *argv[])
#endif
{
  int require = 0;
  require += info_size[argc];
  (void)argv;
  return require;
}


Determining size of schar failed with the following output:
Change Dir: /home/jfra/projects/simtech/numsim/VTK-build/CMakeFiles/CMakeTmp

Run Build Command(s):/usr/bin/make cmTC_494d7/fast && /usr/bin/make  -f CMakeFiles/cmTC_494d7.dir/build.make CMakeFiles/cmTC_494d7.dir/build
make[1]: Entering directory '/home/jfra/projects/simtech/numsim/VTK-build/CMakeFiles/CMakeTmp'
Building C object CMakeFiles/cmTC_494d7.dir/HAVE_SCHAR.c.o
/usr/bin/cc   -fPIE -o CMakeFiles/cmTC_494d7.dir/HAVE_SCHAR.c.o -c /home/jfra/projects/simtech/numsim/VTK-build/CMakeFiles/CheckTypeSize/HAVE_SCHAR.c
/home/jfra/projects/simtech/numsim/VTK-build/CMakeFiles/CheckTypeSize/HAVE_SCHAR.c:27:22: error: ‘schar’ undeclared here (not in a function); did you mean ‘char’?
   27 | #define SIZE (sizeof(schar))
      |                      ^~~~~
/home/jfra/projects/simtech/numsim/VTK-build/CMakeFiles/CheckTypeSize/HAVE_SCHAR.c:29:12: note: in expansion of macro ‘SIZE’
   29 |   ('0' + ((SIZE / 10000)%10)),
      |            ^~~~
make[1]: *** [CMakeFiles/cmTC_494d7.dir/build.make:85: CMakeFiles/cmTC_494d7.dir/HAVE_SCHAR.c.o] Error 1
make[1]: Leaving directory '/home/jfra/projects/simtech/numsim/VTK-build/CMakeFiles/CMakeTmp'
make: *** [Makefile:140: cmTC_494d7/fast] Error 2


/home/jfra/projects/simtech/numsim/VTK-build/CMakeFiles/CheckTypeSize/HAVE_SCHAR.c:
#include <sys/types.h>
#include <stdint.h>
#include <stddef.h>


#undef KEY
#if defined(__i386)
# define KEY '_','_','i','3','8','6'
#elif defined(__x86_64)
# define KEY '_','_','x','8','6','_','6','4'
#elif defined(__PPC64__)
# define KEY '_','_','P','P','C','6','4','_','_'
#elif defined(__ppc64__)
# define KEY '_','_','p','p','c','6','4','_','_'
#elif defined(__PPC__)
# define KEY '_','_','P','P','C','_','_'
#elif defined(__ppc__)
# define KEY '_','_','p','p','c','_','_'
#elif defined(__aarch64__)
# define KEY '_','_','a','a','r','c','h','6','4','_','_'
#elif defined(__ARM_ARCH_7A__)
# define KEY '_','_','A','R','M','_','A','R','C','H','_','7','A','_','_'
#elif defined(__ARM_ARCH_7S__)
# define KEY '_','_','A','R','M','_','A','R','C','H','_','7','S','_','_'
#endif

#define SIZE (sizeof(schar))
static char info_size[] =  {'I', 'N', 'F', 'O', ':', 's','i','z','e','[',
  ('0' + ((SIZE / 10000)%10)),
  ('0' + ((SIZE / 1000)%10)),
  ('0' + ((SIZE / 100)%10)),
  ('0' + ((SIZE / 10)%10)),
  ('0' +  (SIZE    % 10)),
  ']',
#ifdef KEY
  ' ','k','e','y','[', KEY, ']',
#endif
  '\0'};

#ifdef __CLASSIC_C__
int main(argc, argv) int argc; char *argv[];
#else
int main(int argc, char *argv[])
#endif
{
  int require = 0;
  require += info_size[argc];
  (void)argv;
  return require;
}


Determining if the function shl_load exists in the dld; failed with the following output:
Change Dir: /home/jfra/projects/simtech/numsim/VTK-build/CMakeFiles/CMakeTmp

Run Build Command(s):/usr/bin/make cmTC_c934d/fast && /usr/bin/make  -f CMakeFiles/cmTC_c934d.dir/build.make CMakeFiles/cmTC_c934d.dir/build
make[1]: Entering directory '/home/jfra/projects/simtech/numsim/VTK-build/CMakeFiles/CMakeTmp'
Building C object CMakeFiles/cmTC_c934d.dir/CheckFunctionExists.c.o
/usr/bin/cc   -DCHECK_FUNCTION_EXISTS=shl_load -fPIE -o CMakeFiles/cmTC_c934d.dir/CheckFunctionExists.c.o -c /home/jfra/.local/lib/python3.8/site-packages/cmake/data/share/cmake-3.18/Modules/CheckFunctionExists.c
Linking C executable cmTC_c934d
/home/jfra/.local/lib/python3.8/site-packages/cmake/data/bin/cmake -E cmake_link_script CMakeFiles/cmTC_c934d.dir/link.txt --verbose=1
/usr/bin/cc   -DCHECK_FUNCTION_EXISTS=shl_load  -Wl,-lc  -Wl,-lc    CMakeFiles/cmTC_c934d.dir/CheckFunctionExists.c.o -o cmTC_c934d  -ldld 
/usr/bin/ld: cannot find -ldld
collect2: error: ld returned 1 exit status
make[1]: *** [CMakeFiles/cmTC_c934d.dir/build.make:106: cmTC_c934d] Error 1
make[1]: Leaving directory '/home/jfra/projects/simtech/numsim/VTK-build/CMakeFiles/CMakeTmp'
make: *** [Makefile:140: cmTC_c934d/fast] Error 2



Determining if files sys/types.h;dlfcn.h;fcntl.h;malloc.h;inttypes.h;limits.h;stdint.h;stdio.h;stdlib.h;string.h;sys/stat.h;time.h;unistd.h;signal.h;errno.h;ansidecl.h exist failed with the following output:
Change Dir: /home/jfra/projects/simtech/numsim/VTK-build/CMakeFiles/CMakeTmp

Run Build Command(s):/usr/bin/make cmTC_d858f/fast && /usr/bin/make  -f CMakeFiles/cmTC_d858f.dir/build.make CMakeFiles/cmTC_d858f.dir/build
make[1]: Entering directory '/home/jfra/projects/simtech/numsim/VTK-build/CMakeFiles/CMakeTmp'
Building C object CMakeFiles/cmTC_d858f.dir/HAVE_ANSIDECL_H.c.o
/usr/bin/cc -D_GNU_SOURCE  -fPIE -o CMakeFiles/cmTC_d858f.dir/HAVE_ANSIDECL_H.c.o -c /home/jfra/projects/simtech/numsim/VTK-build/CMakeFiles/CheckIncludeFiles/HAVE_ANSIDECL_H.c
/home/jfra/projects/simtech/numsim/VTK-build/CMakeFiles/CheckIncludeFiles/HAVE_ANSIDECL_H.c:17:10: fatal error: ansidecl.h: No such file or directory
   17 | #include <ansidecl.h>
      |          ^~~~~~~~~~~~
compilation terminated.
make[1]: *** [CMakeFiles/cmTC_d858f.dir/build.make:85: CMakeFiles/cmTC_d858f.dir/HAVE_ANSIDECL_H.c.o] Error 1
make[1]: Leaving directory '/home/jfra/projects/simtech/numsim/VTK-build/CMakeFiles/CMakeTmp'
make: *** [Makefile:140: cmTC_d858f/fast] Error 2


Source:
/* */
#include <sys/types.h>
#include <dlfcn.h>
#include <fcntl.h>
#include <malloc.h>
#include <inttypes.h>
#include <limits.h>
#include <stdint.h>
#include <stdio.h>
#include <stdlib.h>
#include <string.h>
#include <sys/stat.h>
#include <time.h>
#include <unistd.h>
#include <signal.h>
#include <errno.h>
#include <ansidecl.h>


int main(void){return 0;}

Determining if files sys/types.h;dlfcn.h;fcntl.h;malloc.h;inttypes.h;limits.h;stdint.h;stdio.h;stdlib.h;string.h;sys/stat.h;time.h;unistd.h;signal.h;errno.h;ctype.h;dl.h exist failed with the following output:
Change Dir: /home/jfra/projects/simtech/numsim/VTK-build/CMakeFiles/CMakeTmp

Run Build Command(s):/usr/bin/make cmTC_7fdb4/fast && /usr/bin/make  -f CMakeFiles/cmTC_7fdb4.dir/build.make CMakeFiles/cmTC_7fdb4.dir/build
make[1]: Entering directory '/home/jfra/projects/simtech/numsim/VTK-build/CMakeFiles/CMakeTmp'
Building C object CMakeFiles/cmTC_7fdb4.dir/HAVE_DL_H.c.o
/usr/bin/cc -D_GNU_SOURCE  -fPIE -o CMakeFiles/cmTC_7fdb4.dir/HAVE_DL_H.c.o -c /home/jfra/projects/simtech/numsim/VTK-build/CMakeFiles/CheckIncludeFiles/HAVE_DL_H.c
/home/jfra/projects/simtech/numsim/VTK-build/CMakeFiles/CheckIncludeFiles/HAVE_DL_H.c:18:10: fatal error: dl.h: No such file or directory
   18 | #include <dl.h>
      |          ^~~~~~
compilation terminated.
make[1]: *** [CMakeFiles/cmTC_7fdb4.dir/build.make:85: CMakeFiles/cmTC_7fdb4.dir/HAVE_DL_H.c.o] Error 1
make[1]: Leaving directory '/home/jfra/projects/simtech/numsim/VTK-build/CMakeFiles/CMakeTmp'
make: *** [Makefile:140: cmTC_7fdb4/fast] Error 2


Source:
/* */
#include <sys/types.h>
#include <dlfcn.h>
#include <fcntl.h>
#include <malloc.h>
#include <inttypes.h>
#include <limits.h>
#include <stdint.h>
#include <stdio.h>
#include <stdlib.h>
#include <string.h>
#include <sys/stat.h>
#include <time.h>
#include <unistd.h>
#include <signal.h>
#include <errno.h>
#include <ctype.h>
#include <dl.h>


int main(void){return 0;}

Determining if the _stat exist failed with the following output:
Change Dir: /home/jfra/projects/simtech/numsim/VTK-build/CMakeFiles/CMakeTmp

Run Build Command(s):/usr/bin/make cmTC_3fe43/fast && /usr/bin/make  -f CMakeFiles/cmTC_3fe43.dir/build.make CMakeFiles/cmTC_3fe43.dir/build
make[1]: Entering directory '/home/jfra/projects/simtech/numsim/VTK-build/CMakeFiles/CMakeTmp'
Building C object CMakeFiles/cmTC_3fe43.dir/CheckSymbolExists.c.o
/usr/bin/cc -D_GNU_SOURCE  -fPIE -o CMakeFiles/cmTC_3fe43.dir/CheckSymbolExists.c.o -c /home/jfra/projects/simtech/numsim/VTK-build/CMakeFiles/CMakeTmp/CheckSymbolExists.c
/home/jfra/projects/simtech/numsim/VTK-build/CMakeFiles/CMakeTmp/CheckSymbolExists.c: In function ‘main’:
/home/jfra/projects/simtech/numsim/VTK-build/CMakeFiles/CMakeTmp/CheckSymbolExists.c:26:19: error: ‘_stat’ undeclared (first use in this function); did you mean ‘lstat’?
   26 |   return ((int*)(&_stat))[argc];
      |                   ^~~~~
      |                   lstat
/home/jfra/projects/simtech/numsim/VTK-build/CMakeFiles/CMakeTmp/CheckSymbolExists.c:26:19: note: each undeclared identifier is reported only once for each function it appears in
make[1]: *** [CMakeFiles/cmTC_3fe43.dir/build.make:85: CMakeFiles/cmTC_3fe43.dir/CheckSymbolExists.c.o] Error 1
make[1]: Leaving directory '/home/jfra/projects/simtech/numsim/VTK-build/CMakeFiles/CMakeTmp'
make: *** [Makefile:140: cmTC_3fe43/fast] Error 2


File /home/jfra/projects/simtech/numsim/VTK-build/CMakeFiles/CMakeTmp/CheckSymbolExists.c:
/* */
#include <sys/types.h>
#include <dlfcn.h>
#include <fcntl.h>
#include <malloc.h>
#include <inttypes.h>
#include <limits.h>
#include <stdint.h>
#include <stdio.h>
#include <stdlib.h>
#include <string.h>
#include <sys/stat.h>
#include <time.h>
#include <unistd.h>
#include <signal.h>
#include <errno.h>
#include <ctype.h>
#include <float.h>
#include <math.h>
#include <pthread.h>

int main(int argc, char** argv)
{
  (void)argv;
#ifndef _stat
  return ((int*)(&_stat))[argc];
#else
  (void)argc;
  return 0;
#endif
}
